{"/home/eric/IdeaProjects/imani-apps/packages/wallet-balance/src/core/BalanceCalculator.ts": {"path":"/home/eric/IdeaProjects/imani-apps/packages/wallet-balance/src/core/BalanceCalculator.ts","all":false,"statementMap":{"0":{"start":{"line":1,"column":0},"end":{"line":1,"column":3}},"39":{"start":{"line":40,"column":0},"end":{"line":40,"column":53}},"40":{"start":{"line":41,"column":0},"end":{"line":41,"column":37}},"41":{"start":{"line":42,"column":0},"end":{"line":42,"column":1}},"46":{"start":{"line":47,"column":0},"end":{"line":47,"column":54}},"47":{"start":{"line":48,"column":0},"end":{"line":48,"column":27}},"48":{"start":{"line":49,"column":0},"end":{"line":49,"column":17}},"49":{"start":{"line":50,"column":0},"end":{"line":50,"column":3}},"50":{"start":{"line":51,"column":0},"end":{"line":51,"column":7}},"51":{"start":{"line":52,"column":0},"end":{"line":52,"column":51}},"52":{"start":{"line":53,"column":0},"end":{"line":53,"column":45}},"53":{"start":{"line":54,"column":0},"end":{"line":54,"column":11}},"54":{"start":{"line":55,"column":0},"end":{"line":55,"column":17}},"55":{"start":{"line":56,"column":0},"end":{"line":56,"column":3}},"56":{"start":{"line":57,"column":0},"end":{"line":57,"column":1}},"61":{"start":{"line":62,"column":0},"end":{"line":62,"column":76}},"62":{"start":{"line":63,"column":0},"end":{"line":63,"column":27}},"63":{"start":{"line":64,"column":0},"end":{"line":64,"column":17}},"64":{"start":{"line":65,"column":0},"end":{"line":65,"column":3}},"65":{"start":{"line":66,"column":0},"end":{"line":66,"column":7}},"66":{"start":{"line":67,"column":0},"end":{"line":67,"column":51}},"67":{"start":{"line":68,"column":0},"end":{"line":68,"column":59}},"68":{"start":{"line":69,"column":0},"end":{"line":69,"column":79}},"69":{"start":{"line":70,"column":0},"end":{"line":70,"column":11}},"70":{"start":{"line":71,"column":0},"end":{"line":71,"column":17}},"71":{"start":{"line":72,"column":0},"end":{"line":72,"column":3}},"72":{"start":{"line":73,"column":0},"end":{"line":73,"column":1}},"77":{"start":{"line":78,"column":0},"end":{"line":78,"column":53}},"78":{"start":{"line":79,"column":0},"end":{"line":79,"column":10}},"79":{"start":{"line":80,"column":0},"end":{"line":80,"column":35}},"80":{"start":{"line":81,"column":0},"end":{"line":81,"column":34}},"82":{"start":{"line":83,"column":0},"end":{"line":83,"column":1}},"87":{"start":{"line":88,"column":0},"end":{"line":88,"column":24}},"88":{"start":{"line":89,"column":0},"end":{"line":89,"column":29}},"89":{"start":{"line":90,"column":0},"end":{"line":90,"column":41}},"90":{"start":{"line":91,"column":0},"end":{"line":91,"column":21}},"91":{"start":{"line":92,"column":0},"end":{"line":92,"column":9}},"92":{"start":{"line":93,"column":0},"end":{"line":93,"column":22}},"93":{"start":{"line":94,"column":0},"end":{"line":94,"column":26}},"94":{"start":{"line":95,"column":0},"end":{"line":95,"column":13}},"95":{"start":{"line":96,"column":0},"end":{"line":96,"column":13}},"96":{"start":{"line":97,"column":0},"end":{"line":97,"column":20}},"97":{"start":{"line":98,"column":0},"end":{"line":98,"column":23}},"98":{"start":{"line":99,"column":0},"end":{"line":99,"column":14}},"100":{"start":{"line":101,"column":0},"end":{"line":101,"column":33}},"102":{"start":{"line":103,"column":0},"end":{"line":103,"column":35}},"105":{"start":{"line":106,"column":0},"end":{"line":106,"column":49}},"108":{"start":{"line":109,"column":0},"end":{"line":109,"column":53}},"111":{"start":{"line":112,"column":0},"end":{"line":112,"column":58}},"114":{"start":{"line":115,"column":0},"end":{"line":115,"column":87}},"117":{"start":{"line":118,"column":0},"end":{"line":118,"column":79}},"120":{"start":{"line":121,"column":0},"end":{"line":121,"column":43}},"121":{"start":{"line":122,"column":0},"end":{"line":122,"column":66}},"122":{"start":{"line":123,"column":0},"end":{"line":123,"column":5}},"124":{"start":{"line":125,"column":0},"end":{"line":125,"column":16}},"125":{"start":{"line":126,"column":0},"end":{"line":126,"column":5}},"126":{"start":{"line":127,"column":0},"end":{"line":127,"column":1}},"131":{"start":{"line":132,"column":0},"end":{"line":132,"column":32}},"135":{"start":{"line":136,"column":0},"end":{"line":136,"column":24}},"136":{"start":{"line":137,"column":0},"end":{"line":137,"column":31}},"137":{"start":{"line":138,"column":0},"end":{"line":138,"column":43}},"138":{"start":{"line":139,"column":0},"end":{"line":139,"column":20}},"139":{"start":{"line":140,"column":0},"end":{"line":140,"column":55}},"141":{"start":{"line":142,"column":0},"end":{"line":142,"column":32}},"142":{"start":{"line":143,"column":0},"end":{"line":143,"column":14}},"143":{"start":{"line":144,"column":0},"end":{"line":144,"column":23}},"144":{"start":{"line":145,"column":0},"end":{"line":145,"column":28}},"145":{"start":{"line":146,"column":0},"end":{"line":146,"column":30}},"146":{"start":{"line":147,"column":0},"end":{"line":147,"column":33}},"147":{"start":{"line":148,"column":0},"end":{"line":148,"column":31}},"148":{"start":{"line":149,"column":0},"end":{"line":149,"column":8}},"149":{"start":{"line":150,"column":0},"end":{"line":150,"column":5}},"152":{"start":{"line":153,"column":0},"end":{"line":153,"column":95}},"153":{"start":{"line":154,"column":0},"end":{"line":154,"column":29}},"155":{"start":{"line":156,"column":0},"end":{"line":156,"column":37}},"156":{"start":{"line":157,"column":0},"end":{"line":157,"column":64}},"157":{"start":{"line":158,"column":0},"end":{"line":158,"column":49}},"158":{"start":{"line":159,"column":0},"end":{"line":159,"column":67}},"161":{"start":{"line":162,"column":0},"end":{"line":162,"column":49}},"162":{"start":{"line":163,"column":0},"end":{"line":163,"column":21}},"163":{"start":{"line":164,"column":0},"end":{"line":164,"column":34}},"164":{"start":{"line":165,"column":0},"end":{"line":165,"column":25}},"165":{"start":{"line":166,"column":0},"end":{"line":166,"column":43}},"166":{"start":{"line":167,"column":0},"end":{"line":167,"column":39}},"167":{"start":{"line":168,"column":0},"end":{"line":168,"column":9}},"168":{"start":{"line":169,"column":0},"end":{"line":169,"column":14}},"169":{"start":{"line":170,"column":0},"end":{"line":170,"column":66}},"170":{"start":{"line":171,"column":0},"end":{"line":171,"column":7}},"173":{"start":{"line":174,"column":0},"end":{"line":174,"column":51}},"174":{"start":{"line":175,"column":0},"end":{"line":175,"column":5}},"177":{"start":{"line":178,"column":0},"end":{"line":178,"column":59}},"178":{"start":{"line":179,"column":0},"end":{"line":179,"column":49}},"179":{"start":{"line":180,"column":0},"end":{"line":180,"column":62}},"180":{"start":{"line":181,"column":0},"end":{"line":181,"column":17}},"181":{"start":{"line":182,"column":0},"end":{"line":182,"column":20}},"182":{"start":{"line":183,"column":0},"end":{"line":183,"column":19}},"183":{"start":{"line":184,"column":0},"end":{"line":184,"column":21}},"184":{"start":{"line":185,"column":0},"end":{"line":185,"column":8}},"185":{"start":{"line":186,"column":0},"end":{"line":186,"column":5}},"188":{"start":{"line":189,"column":0},"end":{"line":189,"column":51}},"189":{"start":{"line":190,"column":0},"end":{"line":190,"column":73}},"191":{"start":{"line":192,"column":0},"end":{"line":192,"column":12}},"192":{"start":{"line":193,"column":0},"end":{"line":193,"column":17}},"193":{"start":{"line":194,"column":0},"end":{"line":194,"column":23}},"194":{"start":{"line":195,"column":0},"end":{"line":195,"column":22}},"195":{"start":{"line":196,"column":0},"end":{"line":196,"column":31}},"196":{"start":{"line":197,"column":0},"end":{"line":197,"column":29}},"197":{"start":{"line":198,"column":0},"end":{"line":198,"column":6}},"198":{"start":{"line":199,"column":0},"end":{"line":199,"column":3}},"203":{"start":{"line":204,"column":0},"end":{"line":204,"column":30}},"204":{"start":{"line":205,"column":0},"end":{"line":205,"column":31}},"205":{"start":{"line":206,"column":0},"end":{"line":206,"column":21}},"206":{"start":{"line":207,"column":0},"end":{"line":207,"column":43}},"207":{"start":{"line":208,"column":0},"end":{"line":208,"column":29}},"208":{"start":{"line":209,"column":0},"end":{"line":209,"column":47}},"209":{"start":{"line":210,"column":0},"end":{"line":210,"column":17}},"210":{"start":{"line":211,"column":0},"end":{"line":211,"column":15}},"211":{"start":{"line":212,"column":0},"end":{"line":212,"column":7}},"213":{"start":{"line":214,"column":0},"end":{"line":214,"column":32}},"214":{"start":{"line":215,"column":0},"end":{"line":215,"column":18}},"215":{"start":{"line":216,"column":0},"end":{"line":216,"column":5}},"217":{"start":{"line":218,"column":0},"end":{"line":218,"column":24}},"218":{"start":{"line":219,"column":0},"end":{"line":219,"column":24}},"220":{"start":{"line":221,"column":0},"end":{"line":221,"column":37}},"221":{"start":{"line":222,"column":0},"end":{"line":222,"column":67}},"222":{"start":{"line":223,"column":0},"end":{"line":223,"column":49}},"223":{"start":{"line":224,"column":0},"end":{"line":224,"column":35}},"224":{"start":{"line":225,"column":0},"end":{"line":225,"column":31}},"225":{"start":{"line":226,"column":0},"end":{"line":226,"column":7}},"226":{"start":{"line":227,"column":0},"end":{"line":227,"column":5}},"228":{"start":{"line":229,"column":0},"end":{"line":229,"column":44}},"229":{"start":{"line":230,"column":0},"end":{"line":230,"column":15}},"230":{"start":{"line":231,"column":0},"end":{"line":231,"column":18}},"231":{"start":{"line":232,"column":0},"end":{"line":232,"column":22}},"232":{"start":{"line":233,"column":0},"end":{"line":233,"column":17}},"233":{"start":{"line":234,"column":0},"end":{"line":234,"column":6}},"234":{"start":{"line":235,"column":0},"end":{"line":235,"column":3}},"239":{"start":{"line":240,"column":0},"end":{"line":240,"column":27}},"240":{"start":{"line":241,"column":0},"end":{"line":241,"column":31}},"241":{"start":{"line":242,"column":0},"end":{"line":242,"column":43}},"242":{"start":{"line":243,"column":0},"end":{"line":243,"column":22}},"243":{"start":{"line":244,"column":0},"end":{"line":244,"column":55}},"245":{"start":{"line":246,"column":0},"end":{"line":246,"column":32}},"246":{"start":{"line":247,"column":0},"end":{"line":247,"column":16}},"247":{"start":{"line":248,"column":0},"end":{"line":248,"column":5}},"250":{"start":{"line":251,"column":0},"end":{"line":251,"column":30}},"258":{"start":{"line":259,"column":0},"end":{"line":259,"column":8}},"260":{"start":{"line":261,"column":0},"end":{"line":261,"column":37}},"261":{"start":{"line":262,"column":0},"end":{"line":262,"column":53}},"262":{"start":{"line":263,"column":0},"end":{"line":263,"column":57}},"263":{"start":{"line":264,"column":0},"end":{"line":264,"column":64}},"264":{"start":{"line":265,"column":0},"end":{"line":265,"column":49}},"265":{"start":{"line":266,"column":0},"end":{"line":266,"column":67}},"267":{"start":{"line":268,"column":0},"end":{"line":268,"column":43}},"268":{"start":{"line":269,"column":0},"end":{"line":269,"column":20}},"269":{"start":{"line":270,"column":0},"end":{"line":270,"column":18}},"270":{"start":{"line":271,"column":0},"end":{"line":271,"column":27}},"271":{"start":{"line":272,"column":0},"end":{"line":272,"column":32}},"272":{"start":{"line":273,"column":0},"end":{"line":273,"column":23}},"273":{"start":{"line":274,"column":0},"end":{"line":274,"column":24}},"274":{"start":{"line":275,"column":0},"end":{"line":275,"column":10}},"275":{"start":{"line":276,"column":0},"end":{"line":276,"column":40}},"276":{"start":{"line":277,"column":0},"end":{"line":277,"column":7}},"279":{"start":{"line":280,"column":0},"end":{"line":280,"column":60}},"280":{"start":{"line":281,"column":0},"end":{"line":281,"column":41}},"281":{"start":{"line":282,"column":0},"end":{"line":282,"column":7}},"284":{"start":{"line":285,"column":0},"end":{"line":285,"column":59}},"285":{"start":{"line":286,"column":0},"end":{"line":286,"column":25}},"286":{"start":{"line":287,"column":0},"end":{"line":287,"column":38}},"287":{"start":{"line":288,"column":0},"end":{"line":288,"column":29}},"288":{"start":{"line":289,"column":0},"end":{"line":289,"column":47}},"289":{"start":{"line":290,"column":0},"end":{"line":290,"column":43}},"290":{"start":{"line":291,"column":0},"end":{"line":291,"column":9}},"291":{"start":{"line":292,"column":0},"end":{"line":292,"column":14}},"292":{"start":{"line":293,"column":0},"end":{"line":293,"column":72}},"293":{"start":{"line":294,"column":0},"end":{"line":294,"column":7}},"295":{"start":{"line":296,"column":0},"end":{"line":296,"column":51}},"296":{"start":{"line":297,"column":0},"end":{"line":297,"column":26}},"297":{"start":{"line":298,"column":0},"end":{"line":298,"column":5}},"300":{"start":{"line":301,"column":0},"end":{"line":301,"column":39}},"301":{"start":{"line":302,"column":0},"end":{"line":302,"column":47}},"302":{"start":{"line":303,"column":0},"end":{"line":303,"column":61}},"303":{"start":{"line":304,"column":0},"end":{"line":304,"column":59}},"304":{"start":{"line":305,"column":0},"end":{"line":305,"column":64}},"305":{"start":{"line":306,"column":0},"end":{"line":306,"column":19}},"306":{"start":{"line":307,"column":0},"end":{"line":307,"column":26}},"307":{"start":{"line":308,"column":0},"end":{"line":308,"column":25}},"308":{"start":{"line":309,"column":0},"end":{"line":309,"column":27}},"309":{"start":{"line":310,"column":0},"end":{"line":310,"column":10}},"310":{"start":{"line":311,"column":0},"end":{"line":311,"column":7}},"312":{"start":{"line":313,"column":0},"end":{"line":313,"column":19}},"313":{"start":{"line":314,"column":0},"end":{"line":314,"column":17}},"314":{"start":{"line":315,"column":0},"end":{"line":315,"column":30}},"315":{"start":{"line":316,"column":0},"end":{"line":316,"column":19}},"316":{"start":{"line":317,"column":0},"end":{"line":317,"column":41}},"317":{"start":{"line":318,"column":0},"end":{"line":318,"column":38}},"318":{"start":{"line":319,"column":0},"end":{"line":319,"column":9}},"319":{"start":{"line":320,"column":0},"end":{"line":320,"column":5}},"322":{"start":{"line":323,"column":0},"end":{"line":323,"column":74}},"323":{"start":{"line":324,"column":0},"end":{"line":324,"column":3}},"328":{"start":{"line":329,"column":0},"end":{"line":329,"column":29}},"329":{"start":{"line":330,"column":0},"end":{"line":330,"column":31}},"330":{"start":{"line":331,"column":0},"end":{"line":331,"column":43}},"331":{"start":{"line":332,"column":0},"end":{"line":332,"column":45}},"332":{"start":{"line":333,"column":0},"end":{"line":333,"column":72}},"333":{"start":{"line":334,"column":0},"end":{"line":334,"column":104}},"335":{"start":{"line":336,"column":0},"end":{"line":336,"column":40}},"336":{"start":{"line":337,"column":0},"end":{"line":337,"column":56}},"337":{"start":{"line":338,"column":0},"end":{"line":338,"column":19}},"338":{"start":{"line":339,"column":0},"end":{"line":339,"column":34}},"339":{"start":{"line":340,"column":0},"end":{"line":340,"column":9}},"340":{"start":{"line":341,"column":0},"end":{"line":341,"column":5}},"342":{"start":{"line":343,"column":0},"end":{"line":343,"column":18}},"343":{"start":{"line":344,"column":0},"end":{"line":344,"column":3}},"348":{"start":{"line":349,"column":0},"end":{"line":349,"column":28}},"349":{"start":{"line":350,"column":0},"end":{"line":350,"column":31}},"350":{"start":{"line":351,"column":0},"end":{"line":351,"column":44}},"351":{"start":{"line":352,"column":0},"end":{"line":352,"column":34}},"352":{"start":{"line":353,"column":0},"end":{"line":353,"column":23}},"353":{"start":{"line":354,"column":0},"end":{"line":354,"column":12}},"354":{"start":{"line":355,"column":0},"end":{"line":355,"column":52}},"355":{"start":{"line":356,"column":0},"end":{"line":356,"column":58}},"356":{"start":{"line":357,"column":0},"end":{"line":357,"column":62}},"357":{"start":{"line":358,"column":0},"end":{"line":358,"column":51}},"358":{"start":{"line":359,"column":0},"end":{"line":359,"column":19}},"359":{"start":{"line":360,"column":0},"end":{"line":360,"column":27}},"360":{"start":{"line":361,"column":0},"end":{"line":361,"column":9}},"361":{"start":{"line":362,"column":0},"end":{"line":362,"column":25}},"362":{"start":{"line":363,"column":0},"end":{"line":363,"column":6}},"363":{"start":{"line":364,"column":0},"end":{"line":364,"column":3}},"368":{"start":{"line":369,"column":0},"end":{"line":369,"column":69}},"369":{"start":{"line":370,"column":0},"end":{"line":370,"column":32}},"370":{"start":{"line":371,"column":0},"end":{"line":371,"column":14}},"371":{"start":{"line":372,"column":0},"end":{"line":372,"column":23}},"372":{"start":{"line":373,"column":0},"end":{"line":373,"column":28}},"373":{"start":{"line":374,"column":0},"end":{"line":374,"column":30}},"374":{"start":{"line":375,"column":0},"end":{"line":375,"column":33}},"375":{"start":{"line":376,"column":0},"end":{"line":376,"column":31}},"376":{"start":{"line":377,"column":0},"end":{"line":377,"column":8}},"377":{"start":{"line":378,"column":0},"end":{"line":378,"column":5}},"379":{"start":{"line":380,"column":0},"end":{"line":380,"column":59}},"380":{"start":{"line":381,"column":0},"end":{"line":381,"column":29}},"381":{"start":{"line":382,"column":0},"end":{"line":382,"column":32}},"383":{"start":{"line":384,"column":0},"end":{"line":384,"column":37}},"384":{"start":{"line":385,"column":0},"end":{"line":385,"column":81}},"385":{"start":{"line":386,"column":0},"end":{"line":386,"column":51}},"386":{"start":{"line":387,"column":0},"end":{"line":387,"column":23}},"387":{"start":{"line":388,"column":0},"end":{"line":388,"column":37}},"388":{"start":{"line":389,"column":0},"end":{"line":389,"column":21}},"389":{"start":{"line":390,"column":0},"end":{"line":390,"column":57}},"390":{"start":{"line":391,"column":0},"end":{"line":391,"column":72}},"391":{"start":{"line":392,"column":0},"end":{"line":392,"column":47}},"392":{"start":{"line":393,"column":0},"end":{"line":393,"column":75}},"393":{"start":{"line":394,"column":0},"end":{"line":394,"column":13}},"394":{"start":{"line":395,"column":0},"end":{"line":395,"column":16}},"395":{"start":{"line":396,"column":0},"end":{"line":396,"column":56}},"396":{"start":{"line":397,"column":0},"end":{"line":397,"column":9}},"397":{"start":{"line":398,"column":0},"end":{"line":398,"column":7}},"399":{"start":{"line":400,"column":0},"end":{"line":400,"column":51}},"400":{"start":{"line":401,"column":0},"end":{"line":401,"column":58}},"401":{"start":{"line":402,"column":0},"end":{"line":402,"column":5}},"404":{"start":{"line":405,"column":0},"end":{"line":405,"column":59}},"405":{"start":{"line":406,"column":0},"end":{"line":406,"column":52}},"406":{"start":{"line":407,"column":0},"end":{"line":407,"column":30}},"407":{"start":{"line":408,"column":0},"end":{"line":408,"column":19}},"408":{"start":{"line":409,"column":0},"end":{"line":409,"column":89}},"409":{"start":{"line":410,"column":0},"end":{"line":410,"column":8}},"410":{"start":{"line":411,"column":0},"end":{"line":411,"column":5}},"412":{"start":{"line":413,"column":0},"end":{"line":413,"column":51}},"413":{"start":{"line":414,"column":0},"end":{"line":414,"column":73}},"415":{"start":{"line":416,"column":0},"end":{"line":416,"column":12}},"416":{"start":{"line":417,"column":0},"end":{"line":417,"column":17}},"417":{"start":{"line":418,"column":0},"end":{"line":418,"column":23}},"418":{"start":{"line":419,"column":0},"end":{"line":419,"column":22}},"419":{"start":{"line":420,"column":0},"end":{"line":420,"column":31}},"420":{"start":{"line":421,"column":0},"end":{"line":421,"column":22}},"421":{"start":{"line":422,"column":0},"end":{"line":422,"column":6}},"422":{"start":{"line":423,"column":0},"end":{"line":423,"column":3}},"427":{"start":{"line":428,"column":0},"end":{"line":428,"column":29}},"428":{"start":{"line":429,"column":0},"end":{"line":429,"column":27}},"429":{"start":{"line":430,"column":0},"end":{"line":430,"column":21}},"430":{"start":{"line":431,"column":0},"end":{"line":431,"column":18}},"431":{"start":{"line":432,"column":0},"end":{"line":432,"column":20}},"432":{"start":{"line":433,"column":0},"end":{"line":433,"column":54}},"433":{"start":{"line":434,"column":0},"end":{"line":434,"column":60}},"435":{"start":{"line":436,"column":0},"end":{"line":436,"column":20}},"437":{"start":{"line":438,"column":0},"end":{"line":438,"column":21}},"438":{"start":{"line":439,"column":0},"end":{"line":439,"column":5}},"440":{"start":{"line":441,"column":0},"end":{"line":441,"column":60}},"441":{"start":{"line":442,"column":0},"end":{"line":442,"column":52}},"443":{"start":{"line":444,"column":0},"end":{"line":444,"column":26}},"445":{"start":{"line":446,"column":0},"end":{"line":446,"column":47}},"446":{"start":{"line":447,"column":0},"end":{"line":447,"column":12}},"447":{"start":{"line":448,"column":0},"end":{"line":448,"column":43}},"448":{"start":{"line":449,"column":0},"end":{"line":449,"column":20}},"449":{"start":{"line":450,"column":0},"end":{"line":450,"column":26}},"450":{"start":{"line":451,"column":0},"end":{"line":451,"column":95}},"451":{"start":{"line":452,"column":0},"end":{"line":452,"column":8}},"452":{"start":{"line":453,"column":0},"end":{"line":453,"column":5}},"454":{"start":{"line":455,"column":0},"end":{"line":455,"column":54}},"455":{"start":{"line":456,"column":0},"end":{"line":456,"column":73}},"458":{"start":{"line":459,"column":0},"end":{"line":459,"column":72}},"459":{"start":{"line":460,"column":0},"end":{"line":460,"column":105}},"461":{"start":{"line":462,"column":0},"end":{"line":462,"column":12}},"462":{"start":{"line":463,"column":0},"end":{"line":463,"column":32}},"463":{"start":{"line":464,"column":0},"end":{"line":464,"column":77}},"464":{"start":{"line":465,"column":0},"end":{"line":465,"column":22}},"465":{"start":{"line":466,"column":0},"end":{"line":466,"column":31}},"466":{"start":{"line":467,"column":0},"end":{"line":467,"column":47}},"467":{"start":{"line":468,"column":0},"end":{"line":468,"column":6}},"468":{"start":{"line":469,"column":0},"end":{"line":469,"column":3}},"473":{"start":{"line":474,"column":0},"end":{"line":474,"column":54}},"474":{"start":{"line":475,"column":0},"end":{"line":475,"column":71}},"475":{"start":{"line":476,"column":0},"end":{"line":476,"column":3}},"480":{"start":{"line":481,"column":0},"end":{"line":481,"column":73}},"481":{"start":{"line":482,"column":0},"end":{"line":482,"column":54}},"482":{"start":{"line":483,"column":0},"end":{"line":483,"column":63}},"483":{"start":{"line":484,"column":0},"end":{"line":484,"column":63}},"484":{"start":{"line":485,"column":0},"end":{"line":485,"column":3}},"489":{"start":{"line":490,"column":0},"end":{"line":490,"column":70}},"490":{"start":{"line":491,"column":0},"end":{"line":491,"column":54}},"491":{"start":{"line":492,"column":0},"end":{"line":492,"column":63}},"492":{"start":{"line":493,"column":0},"end":{"line":493,"column":3}},"497":{"start":{"line":498,"column":0},"end":{"line":498,"column":62}},"498":{"start":{"line":499,"column":0},"end":{"line":499,"column":57}},"499":{"start":{"line":500,"column":0},"end":{"line":500,"column":57}},"501":{"start":{"line":502,"column":0},"end":{"line":502,"column":52}},"502":{"start":{"line":503,"column":0},"end":{"line":503,"column":19}},"503":{"start":{"line":504,"column":0},"end":{"line":504,"column":5}},"505":{"start":{"line":506,"column":0},"end":{"line":506,"column":50}},"506":{"start":{"line":507,"column":0},"end":{"line":507,"column":46}},"507":{"start":{"line":508,"column":0},"end":{"line":508,"column":21}},"508":{"start":{"line":509,"column":0},"end":{"line":509,"column":7}},"509":{"start":{"line":510,"column":0},"end":{"line":510,"column":88}},"510":{"start":{"line":511,"column":0},"end":{"line":511,"column":21}},"511":{"start":{"line":512,"column":0},"end":{"line":512,"column":7}},"512":{"start":{"line":513,"column":0},"end":{"line":513,"column":5}},"514":{"start":{"line":515,"column":0},"end":{"line":515,"column":16}},"515":{"start":{"line":516,"column":0},"end":{"line":516,"column":3}},"516":{"start":{"line":517,"column":0},"end":{"line":517,"column":1}}},"s":{"0":1,"39":405,"40":405,"41":405,"46":405,"47":405,"48":381,"49":381,"50":24,"51":24,"52":24,"53":405,"54":0,"55":0,"56":405,"61":12,"62":12,"63":7,"64":7,"65":5,"66":5,"67":5,"68":12,"69":12,"70":0,"71":0,"72":12,"77":407,"78":407,"79":407,"80":0,"82":407,"87":156,"88":156,"89":156,"90":156,"91":156,"92":156,"93":156,"94":156,"95":156,"96":156,"97":156,"98":156,"100":156,"102":407,"105":407,"108":407,"111":407,"114":407,"117":407,"120":407,"121":12,"122":12,"124":343,"125":156,"126":156,"131":1,"135":1,"136":138,"137":138,"138":138,"139":138,"141":138,"142":16,"143":16,"144":16,"145":16,"146":16,"147":16,"148":16,"149":16,"152":122,"153":122,"155":138,"156":308,"157":308,"158":308,"161":308,"162":308,"163":102,"164":102,"165":102,"166":0,"167":0,"168":308,"169":206,"170":206,"173":308,"174":308,"177":122,"178":138,"179":206,"180":206,"181":206,"182":206,"183":206,"184":206,"185":206,"188":122,"189":122,"191":122,"192":122,"193":122,"194":122,"195":122,"196":122,"197":122,"198":138,"203":1,"204":5,"205":5,"206":5,"207":5,"208":5,"209":5,"210":5,"211":5,"213":5,"214":2,"215":2,"217":3,"218":3,"220":5,"221":5,"222":5,"223":5,"224":3,"225":3,"226":5,"228":3,"229":3,"230":3,"231":3,"232":3,"233":3,"234":5,"239":1,"240":13,"241":13,"242":13,"243":13,"245":13,"246":1,"247":1,"250":12,"258":12,"260":13,"261":30,"262":30,"263":30,"264":30,"265":30,"267":30,"268":30,"269":22,"270":22,"271":22,"272":22,"273":22,"274":22,"275":22,"276":22,"279":30,"280":0,"281":0,"284":30,"285":30,"286":5,"287":5,"288":5,"289":0,"290":0,"291":30,"292":25,"293":25,"295":30,"296":30,"297":30,"300":12,"301":13,"302":22,"303":22,"304":25,"305":25,"306":25,"307":25,"308":25,"309":25,"310":25,"312":22,"313":22,"314":22,"315":22,"316":22,"317":22,"318":22,"319":22,"322":12,"323":13,"328":1,"329":5,"330":5,"331":5,"332":5,"333":5,"335":5,"336":15,"337":15,"338":15,"339":15,"340":15,"342":5,"343":5,"348":1,"349":4,"350":4,"351":4,"352":4,"353":4,"354":4,"355":4,"356":4,"357":4,"358":4,"359":4,"360":4,"361":4,"362":4,"363":4,"368":1,"369":2,"370":1,"371":1,"372":1,"373":1,"374":1,"375":1,"376":1,"377":1,"379":1,"380":1,"381":1,"383":2,"384":2,"385":3,"386":3,"387":1,"388":1,"389":1,"390":1,"391":1,"392":1,"393":1,"394":3,"395":2,"396":2,"397":3,"399":2,"400":2,"401":2,"404":1,"405":2,"406":2,"407":2,"408":2,"409":2,"410":2,"412":1,"413":1,"415":1,"416":1,"417":1,"418":1,"419":1,"420":1,"421":1,"422":2,"427":1,"428":9,"429":9,"430":9,"431":9,"432":9,"433":9,"435":9,"437":1,"438":1,"440":8,"441":8,"443":9,"445":2,"446":9,"447":6,"448":6,"449":6,"450":6,"451":6,"452":6,"454":8,"455":8,"458":9,"459":9,"461":9,"462":9,"463":9,"464":9,"465":9,"466":9,"467":9,"468":9,"473":1,"474":2,"475":2,"480":1,"481":2,"482":2,"483":2,"484":2,"489":1,"490":2,"491":2,"492":2,"497":1,"498":17,"499":17,"501":17,"502":2,"503":2,"505":17,"506":23,"507":0,"508":0,"509":23,"510":6,"511":6,"512":23,"514":9,"515":17,"516":1},"branchMap":{"0":{"type":"branch","line":40,"loc":{"start":{"line":40,"column":0},"end":{"line":42,"column":1}},"locations":[{"start":{"line":40,"column":0},"end":{"line":42,"column":1}}]},"1":{"type":"branch","line":47,"loc":{"start":{"line":47,"column":0},"end":{"line":57,"column":1}},"locations":[{"start":{"line":47,"column":0},"end":{"line":57,"column":1}}]},"2":{"type":"branch","line":48,"loc":{"start":{"line":48,"column":26},"end":{"line":50,"column":3}},"locations":[{"start":{"line":48,"column":26},"end":{"line":50,"column":3}}]},"3":{"type":"branch","line":50,"loc":{"start":{"line":50,"column":2},"end":{"line":54,"column":10}},"locations":[{"start":{"line":50,"column":2},"end":{"line":54,"column":10}}]},"4":{"type":"branch","line":54,"loc":{"start":{"line":54,"column":2},"end":{"line":56,"column":3}},"locations":[{"start":{"line":54,"column":2},"end":{"line":56,"column":3}}]},"5":{"type":"branch","line":62,"loc":{"start":{"line":62,"column":0},"end":{"line":73,"column":1}},"locations":[{"start":{"line":62,"column":0},"end":{"line":73,"column":1}}]},"6":{"type":"branch","line":63,"loc":{"start":{"line":63,"column":26},"end":{"line":65,"column":3}},"locations":[{"start":{"line":63,"column":26},"end":{"line":65,"column":3}}]},"7":{"type":"branch","line":65,"loc":{"start":{"line":65,"column":2},"end":{"line":69,"column":45}},"locations":[{"start":{"line":65,"column":2},"end":{"line":69,"column":45}}]},"8":{"type":"branch","line":69,"loc":{"start":{"line":69,"column":35},"end":{"line":69,"column":79}},"locations":[{"start":{"line":69,"column":35},"end":{"line":69,"column":79}}]},"9":{"type":"branch","line":70,"loc":{"start":{"line":70,"column":2},"end":{"line":72,"column":3}},"locations":[{"start":{"line":70,"column":2},"end":{"line":72,"column":3}}]},"10":{"type":"branch","line":78,"loc":{"start":{"line":78,"column":0},"end":{"line":83,"column":1}},"locations":[{"start":{"line":78,"column":0},"end":{"line":83,"column":1}}]},"11":{"type":"branch","line":80,"loc":{"start":{"line":80,"column":13},"end":{"line":80,"column":31}},"locations":[{"start":{"line":80,"column":13},"end":{"line":80,"column":31}}]},"12":{"type":"branch","line":80,"loc":{"start":{"line":80,"column":31},"end":{"line":81,"column":34}},"locations":[{"start":{"line":80,"column":31},"end":{"line":81,"column":34}}]},"13":{"type":"branch","line":88,"loc":{"start":{"line":88,"column":0},"end":{"line":127,"column":1}},"locations":[{"start":{"line":88,"column":0},"end":{"line":127,"column":1}}]},"14":{"type":"branch","line":101,"loc":{"start":{"line":101,"column":25},"end":{"line":126,"column":3}},"locations":[{"start":{"line":101,"column":25},"end":{"line":126,"column":3}}]},"15":{"type":"branch","line":103,"loc":{"start":{"line":103,"column":22},"end":{"line":103,"column":35}},"locations":[{"start":{"line":103,"column":22},"end":{"line":103,"column":35}}]},"16":{"type":"branch","line":106,"loc":{"start":{"line":106,"column":8},"end":{"line":106,"column":36}},"locations":[{"start":{"line":106,"column":8},"end":{"line":106,"column":36}}]},"17":{"type":"branch","line":106,"loc":{"start":{"line":106,"column":36},"end":{"line":106,"column":49}},"locations":[{"start":{"line":106,"column":36},"end":{"line":106,"column":49}}]},"18":{"type":"branch","line":106,"loc":{"start":{"line":106,"column":43},"end":{"line":109,"column":40}},"locations":[{"start":{"line":106,"column":43},"end":{"line":109,"column":40}}]},"19":{"type":"branch","line":109,"loc":{"start":{"line":109,"column":40},"end":{"line":109,"column":53}},"locations":[{"start":{"line":109,"column":40},"end":{"line":109,"column":53}}]},"20":{"type":"branch","line":109,"loc":{"start":{"line":109,"column":47},"end":{"line":112,"column":20}},"locations":[{"start":{"line":109,"column":47},"end":{"line":112,"column":20}}]},"21":{"type":"branch","line":112,"loc":{"start":{"line":112,"column":8},"end":{"line":112,"column":45}},"locations":[{"start":{"line":112,"column":8},"end":{"line":112,"column":45}}]},"22":{"type":"branch","line":112,"loc":{"start":{"line":112,"column":45},"end":{"line":112,"column":58}},"locations":[{"start":{"line":112,"column":45},"end":{"line":112,"column":58}}]},"23":{"type":"branch","line":112,"loc":{"start":{"line":112,"column":52},"end":{"line":115,"column":20}},"locations":[{"start":{"line":112,"column":52},"end":{"line":115,"column":20}}]},"24":{"type":"branch","line":115,"loc":{"start":{"line":115,"column":8},"end":{"line":115,"column":74}},"locations":[{"start":{"line":115,"column":8},"end":{"line":115,"column":74}}]},"25":{"type":"branch","line":115,"loc":{"start":{"line":115,"column":74},"end":{"line":115,"column":87}},"locations":[{"start":{"line":115,"column":74},"end":{"line":115,"column":87}}]},"26":{"type":"branch","line":115,"loc":{"start":{"line":115,"column":81},"end":{"line":118,"column":27}},"locations":[{"start":{"line":115,"column":81},"end":{"line":118,"column":27}}]},"27":{"type":"branch","line":118,"loc":{"start":{"line":118,"column":8},"end":{"line":118,"column":66}},"locations":[{"start":{"line":118,"column":8},"end":{"line":118,"column":66}}]},"28":{"type":"branch","line":118,"loc":{"start":{"line":118,"column":66},"end":{"line":118,"column":79}},"locations":[{"start":{"line":118,"column":66},"end":{"line":118,"column":79}}]},"29":{"type":"branch","line":118,"loc":{"start":{"line":118,"column":73},"end":{"line":121,"column":42}},"locations":[{"start":{"line":118,"column":73},"end":{"line":121,"column":42}}]},"30":{"type":"branch","line":121,"loc":{"start":{"line":121,"column":42},"end":{"line":123,"column":5}},"locations":[{"start":{"line":121,"column":42},"end":{"line":123,"column":5}}]},"31":{"type":"branch","line":122,"loc":{"start":{"line":122,"column":53},"end":{"line":122,"column":66}},"locations":[{"start":{"line":122,"column":53},"end":{"line":122,"column":66}}]},"32":{"type":"branch","line":123,"loc":{"start":{"line":123,"column":4},"end":{"line":125,"column":16}},"locations":[{"start":{"line":123,"column":4},"end":{"line":125,"column":16}}]},"33":{"type":"branch","line":136,"loc":{"start":{"line":136,"column":9},"end":{"line":199,"column":3}},"locations":[{"start":{"line":136,"column":9},"end":{"line":199,"column":3}}]},"34":{"type":"branch","line":142,"loc":{"start":{"line":142,"column":31},"end":{"line":150,"column":5}},"locations":[{"start":{"line":142,"column":31},"end":{"line":150,"column":5}}]},"35":{"type":"branch","line":150,"loc":{"start":{"line":150,"column":4},"end":{"line":156,"column":36}},"locations":[{"start":{"line":150,"column":4},"end":{"line":156,"column":36}}]},"36":{"type":"branch","line":156,"loc":{"start":{"line":156,"column":36},"end":{"line":175,"column":5}},"locations":[{"start":{"line":156,"column":36},"end":{"line":175,"column":5}}]},"37":{"type":"branch","line":157,"loc":{"start":{"line":157,"column":53},"end":{"line":157,"column":64}},"locations":[{"start":{"line":157,"column":53},"end":{"line":157,"column":64}}]},"38":{"type":"branch","line":158,"loc":{"start":{"line":158,"column":31},"end":{"line":158,"column":49}},"locations":[{"start":{"line":158,"column":31},"end":{"line":158,"column":49}}]},"39":{"type":"branch","line":159,"loc":{"start":{"line":159,"column":29},"end":{"line":159,"column":65}},"locations":[{"start":{"line":159,"column":29},"end":{"line":159,"column":65}}]},"40":{"type":"branch","line":159,"loc":{"start":{"line":159,"column":50},"end":{"line":159,"column":67}},"locations":[{"start":{"line":159,"column":50},"end":{"line":159,"column":67}}]},"41":{"type":"branch","line":163,"loc":{"start":{"line":163,"column":20},"end":{"line":169,"column":13}},"locations":[{"start":{"line":163,"column":20},"end":{"line":169,"column":13}}]},"42":{"type":"branch","line":166,"loc":{"start":{"line":166,"column":42},"end":{"line":168,"column":9}},"locations":[{"start":{"line":166,"column":42},"end":{"line":168,"column":9}}]},"43":{"type":"branch","line":169,"loc":{"start":{"line":169,"column":6},"end":{"line":171,"column":7}},"locations":[{"start":{"line":169,"column":6},"end":{"line":171,"column":7}}]},"44":{"type":"branch","line":174,"loc":{"start":{"line":174,"column":34},"end":{"line":174,"column":51}},"locations":[{"start":{"line":174,"column":34},"end":{"line":174,"column":51}}]},"45":{"type":"branch","line":175,"loc":{"start":{"line":175,"column":4},"end":{"line":179,"column":48}},"locations":[{"start":{"line":175,"column":4},"end":{"line":179,"column":48}}]},"46":{"type":"branch","line":179,"loc":{"start":{"line":179,"column":48},"end":{"line":186,"column":5}},"locations":[{"start":{"line":179,"column":48},"end":{"line":186,"column":5}}]},"47":{"type":"branch","line":186,"loc":{"start":{"line":186,"column":4},"end":{"line":198,"column":6}},"locations":[{"start":{"line":186,"column":4},"end":{"line":198,"column":6}}]},"48":{"type":"branch","line":204,"loc":{"start":{"line":204,"column":9},"end":{"line":235,"column":3}},"locations":[{"start":{"line":204,"column":9},"end":{"line":235,"column":3}}]},"49":{"type":"branch","line":214,"loc":{"start":{"line":214,"column":31},"end":{"line":221,"column":36}},"locations":[{"start":{"line":214,"column":31},"end":{"line":221,"column":36}}]},"50":{"type":"branch","line":214,"loc":{"start":{"line":214,"column":31},"end":{"line":216,"column":5}},"locations":[{"start":{"line":214,"column":31},"end":{"line":216,"column":5}}]},"51":{"type":"branch","line":216,"loc":{"start":{"line":216,"column":4},"end":{"line":221,"column":36}},"locations":[{"start":{"line":216,"column":4},"end":{"line":221,"column":36}}]},"52":{"type":"branch","line":222,"loc":{"start":{"line":222,"column":29},"end":{"line":222,"column":65}},"locations":[{"start":{"line":222,"column":29},"end":{"line":222,"column":65}}]},"53":{"type":"branch","line":222,"loc":{"start":{"line":222,"column":50},"end":{"line":222,"column":67}},"locations":[{"start":{"line":222,"column":50},"end":{"line":222,"column":67}}]},"54":{"type":"branch","line":223,"loc":{"start":{"line":223,"column":31},"end":{"line":223,"column":49}},"locations":[{"start":{"line":223,"column":31},"end":{"line":223,"column":49}}]},"55":{"type":"branch","line":224,"loc":{"start":{"line":224,"column":34},"end":{"line":226,"column":7}},"locations":[{"start":{"line":224,"column":34},"end":{"line":226,"column":7}}]},"56":{"type":"branch","line":227,"loc":{"start":{"line":227,"column":4},"end":{"line":234,"column":6}},"locations":[{"start":{"line":227,"column":4},"end":{"line":234,"column":6}}]},"57":{"type":"branch","line":240,"loc":{"start":{"line":240,"column":9},"end":{"line":324,"column":3}},"locations":[{"start":{"line":240,"column":9},"end":{"line":324,"column":3}}]},"58":{"type":"branch","line":246,"loc":{"start":{"line":246,"column":31},"end":{"line":248,"column":5}},"locations":[{"start":{"line":246,"column":31},"end":{"line":248,"column":5}}]},"59":{"type":"branch","line":248,"loc":{"start":{"line":248,"column":4},"end":{"line":261,"column":36}},"locations":[{"start":{"line":248,"column":4},"end":{"line":261,"column":36}}]},"60":{"type":"branch","line":261,"loc":{"start":{"line":261,"column":36},"end":{"line":298,"column":5}},"locations":[{"start":{"line":261,"column":36},"end":{"line":298,"column":5}}]},"61":{"type":"branch","line":262,"loc":{"start":{"line":262,"column":31},"end":{"line":262,"column":53}},"locations":[{"start":{"line":262,"column":31},"end":{"line":262,"column":53}}]},"62":{"type":"branch","line":263,"loc":{"start":{"line":263,"column":33},"end":{"line":263,"column":57}},"locations":[{"start":{"line":263,"column":33},"end":{"line":263,"column":57}}]},"63":{"type":"branch","line":264,"loc":{"start":{"line":264,"column":53},"end":{"line":264,"column":64}},"locations":[{"start":{"line":264,"column":53},"end":{"line":264,"column":64}}]},"64":{"type":"branch","line":265,"loc":{"start":{"line":265,"column":31},"end":{"line":265,"column":49}},"locations":[{"start":{"line":265,"column":31},"end":{"line":265,"column":49}}]},"65":{"type":"branch","line":266,"loc":{"start":{"line":266,"column":29},"end":{"line":266,"column":65}},"locations":[{"start":{"line":266,"column":29},"end":{"line":266,"column":65}}]},"66":{"type":"branch","line":266,"loc":{"start":{"line":266,"column":50},"end":{"line":266,"column":67}},"locations":[{"start":{"line":266,"column":50},"end":{"line":266,"column":67}}]},"67":{"type":"branch","line":269,"loc":{"start":{"line":269,"column":19},"end":{"line":277,"column":7}},"locations":[{"start":{"line":269,"column":19},"end":{"line":277,"column":7}}]},"68":{"type":"branch","line":280,"loc":{"start":{"line":280,"column":18},"end":{"line":280,"column":59}},"locations":[{"start":{"line":280,"column":18},"end":{"line":280,"column":59}}]},"69":{"type":"branch","line":280,"loc":{"start":{"line":280,"column":59},"end":{"line":282,"column":7}},"locations":[{"start":{"line":280,"column":59},"end":{"line":282,"column":7}}]},"70":{"type":"branch","line":286,"loc":{"start":{"line":286,"column":24},"end":{"line":292,"column":13}},"locations":[{"start":{"line":286,"column":24},"end":{"line":292,"column":13}}]},"71":{"type":"branch","line":289,"loc":{"start":{"line":289,"column":46},"end":{"line":291,"column":9}},"locations":[{"start":{"line":289,"column":46},"end":{"line":291,"column":9}}]},"72":{"type":"branch","line":292,"loc":{"start":{"line":292,"column":6},"end":{"line":294,"column":7}},"locations":[{"start":{"line":292,"column":6},"end":{"line":294,"column":7}}]},"73":{"type":"branch","line":296,"loc":{"start":{"line":296,"column":34},"end":{"line":296,"column":51}},"locations":[{"start":{"line":296,"column":34},"end":{"line":296,"column":51}}]},"74":{"type":"branch","line":298,"loc":{"start":{"line":298,"column":4},"end":{"line":302,"column":46}},"locations":[{"start":{"line":298,"column":4},"end":{"line":302,"column":46}}]},"75":{"type":"branch","line":302,"loc":{"start":{"line":302,"column":46},"end":{"line":320,"column":5}},"locations":[{"start":{"line":302,"column":46},"end":{"line":320,"column":5}}]},"76":{"type":"branch","line":304,"loc":{"start":{"line":304,"column":58},"end":{"line":311,"column":7}},"locations":[{"start":{"line":304,"column":58},"end":{"line":311,"column":7}}]},"77":{"type":"branch","line":320,"loc":{"start":{"line":320,"column":4},"end":{"line":323,"column":74}},"locations":[{"start":{"line":320,"column":4},"end":{"line":323,"column":74}}]},"78":{"type":"branch","line":323,"loc":{"start":{"line":323,"column":23},"end":{"line":323,"column":72}},"locations":[{"start":{"line":323,"column":23},"end":{"line":323,"column":72}}]},"79":{"type":"branch","line":329,"loc":{"start":{"line":329,"column":9},"end":{"line":344,"column":3}},"locations":[{"start":{"line":329,"column":9},"end":{"line":344,"column":3}}]},"80":{"type":"branch","line":336,"loc":{"start":{"line":336,"column":39},"end":{"line":341,"column":5}},"locations":[{"start":{"line":336,"column":39},"end":{"line":341,"column":5}}]},"81":{"type":"branch","line":349,"loc":{"start":{"line":349,"column":9},"end":{"line":364,"column":3}},"locations":[{"start":{"line":349,"column":9},"end":{"line":364,"column":3}}]},"82":{"type":"branch","line":369,"loc":{"start":{"line":369,"column":9},"end":{"line":423,"column":3}},"locations":[{"start":{"line":369,"column":9},"end":{"line":423,"column":3}}]},"83":{"type":"branch","line":370,"loc":{"start":{"line":370,"column":31},"end":{"line":384,"column":36}},"locations":[{"start":{"line":370,"column":31},"end":{"line":384,"column":36}}]},"84":{"type":"branch","line":385,"loc":{"start":{"line":385,"column":80},"end":{"line":398,"column":7}},"locations":[{"start":{"line":385,"column":80},"end":{"line":398,"column":7}}]},"85":{"type":"branch","line":387,"loc":{"start":{"line":387,"column":22},"end":{"line":395,"column":15}},"locations":[{"start":{"line":387,"column":22},"end":{"line":395,"column":15}}]},"86":{"type":"branch","line":395,"loc":{"start":{"line":395,"column":8},"end":{"line":397,"column":9}},"locations":[{"start":{"line":395,"column":8},"end":{"line":397,"column":9}}]},"87":{"type":"branch","line":401,"loc":{"start":{"line":401,"column":35},"end":{"line":401,"column":58}},"locations":[{"start":{"line":401,"column":35},"end":{"line":401,"column":58}}]},"88":{"type":"branch","line":402,"loc":{"start":{"line":402,"column":4},"end":{"line":406,"column":51}},"locations":[{"start":{"line":402,"column":4},"end":{"line":406,"column":51}}]},"89":{"type":"branch","line":411,"loc":{"start":{"line":411,"column":4},"end":{"line":422,"column":6}},"locations":[{"start":{"line":411,"column":4},"end":{"line":422,"column":6}}]},"90":{"type":"branch","line":428,"loc":{"start":{"line":428,"column":9},"end":{"line":469,"column":3}},"locations":[{"start":{"line":428,"column":9},"end":{"line":469,"column":3}}]},"91":{"type":"branch","line":436,"loc":{"start":{"line":436,"column":19},"end":{"line":439,"column":5}},"locations":[{"start":{"line":436,"column":19},"end":{"line":439,"column":5}}]},"92":{"type":"branch","line":439,"loc":{"start":{"line":439,"column":4},"end":{"line":444,"column":25}},"locations":[{"start":{"line":439,"column":4},"end":{"line":444,"column":25}}]},"93":{"type":"branch","line":444,"loc":{"start":{"line":444,"column":25},"end":{"line":447,"column":11}},"locations":[{"start":{"line":444,"column":25},"end":{"line":447,"column":11}}]},"94":{"type":"branch","line":447,"loc":{"start":{"line":447,"column":4},"end":{"line":453,"column":5}},"locations":[{"start":{"line":447,"column":4},"end":{"line":453,"column":5}}]},"95":{"type":"branch","line":453,"loc":{"start":{"line":453,"column":4},"end":{"line":459,"column":70}},"locations":[{"start":{"line":453,"column":4},"end":{"line":459,"column":70}}]},"96":{"type":"branch","line":459,"loc":{"start":{"line":459,"column":61},"end":{"line":459,"column":72}},"locations":[{"start":{"line":459,"column":61},"end":{"line":459,"column":72}}]},"97":{"type":"branch","line":474,"loc":{"start":{"line":474,"column":9},"end":{"line":476,"column":3}},"locations":[{"start":{"line":474,"column":9},"end":{"line":476,"column":3}}]},"98":{"type":"branch","line":475,"loc":{"start":{"line":475,"column":50},"end":{"line":475,"column":69}},"locations":[{"start":{"line":475,"column":50},"end":{"line":475,"column":69}}]},"99":{"type":"branch","line":481,"loc":{"start":{"line":481,"column":9},"end":{"line":485,"column":3}},"locations":[{"start":{"line":481,"column":9},"end":{"line":485,"column":3}}]},"100":{"type":"branch","line":484,"loc":{"start":{"line":484,"column":27},"end":{"line":484,"column":63}},"locations":[{"start":{"line":484,"column":27},"end":{"line":484,"column":63}}]},"101":{"type":"branch","line":490,"loc":{"start":{"line":490,"column":9},"end":{"line":493,"column":3}},"locations":[{"start":{"line":490,"column":9},"end":{"line":493,"column":3}}]},"102":{"type":"branch","line":492,"loc":{"start":{"line":492,"column":48},"end":{"line":492,"column":61}},"locations":[{"start":{"line":492,"column":48},"end":{"line":492,"column":61}}]},"103":{"type":"branch","line":492,"loc":{"start":{"line":492,"column":51},"end":{"line":492,"column":63}},"locations":[{"start":{"line":492,"column":51},"end":{"line":492,"column":63}}]},"104":{"type":"branch","line":498,"loc":{"start":{"line":498,"column":9},"end":{"line":516,"column":3}},"locations":[{"start":{"line":498,"column":9},"end":{"line":516,"column":3}}]},"105":{"type":"branch","line":502,"loc":{"start":{"line":502,"column":51},"end":{"line":504,"column":5}},"locations":[{"start":{"line":502,"column":51},"end":{"line":504,"column":5}}]},"106":{"type":"branch","line":504,"loc":{"start":{"line":504,"column":4},"end":{"line":506,"column":49}},"locations":[{"start":{"line":504,"column":4},"end":{"line":506,"column":49}}]},"107":{"type":"branch","line":506,"loc":{"start":{"line":506,"column":49},"end":{"line":513,"column":5}},"locations":[{"start":{"line":506,"column":49},"end":{"line":513,"column":5}}]},"108":{"type":"branch","line":507,"loc":{"start":{"line":507,"column":45},"end":{"line":509,"column":7}},"locations":[{"start":{"line":507,"column":45},"end":{"line":509,"column":7}}]},"109":{"type":"branch","line":510,"loc":{"start":{"line":510,"column":87},"end":{"line":512,"column":7}},"locations":[{"start":{"line":510,"column":87},"end":{"line":512,"column":7}}]},"110":{"type":"branch","line":513,"loc":{"start":{"line":513,"column":4},"end":{"line":515,"column":16}},"locations":[{"start":{"line":513,"column":4},"end":{"line":515,"column":16}}]}},"b":{"0":[405],"1":[405],"2":[381],"3":[24],"4":[0],"5":[12],"6":[7],"7":[5],"8":[3],"9":[0],"10":[407],"11":[0],"12":[0],"13":[156],"14":[407],"15":[0],"16":[405],"17":[2],"18":[405],"19":[1],"20":[404],"21":[7],"22":[5],"23":[399],"24":[25],"25":[12],"26":[387],"27":[41],"28":[35],"29":[352],"30":[12],"31":[9],"32":[343],"33":[138],"34":[16],"35":[122],"36":[308],"37":[0],"38":[0],"39":[0],"40":[0],"41":[102],"42":[0],"43":[206],"44":[0],"45":[122],"46":[206],"47":[122],"48":[5],"49":[4],"50":[2],"51":[3],"52":[0],"53":[0],"54":[0],"55":[3],"56":[3],"57":[13],"58":[1],"59":[12],"60":[30],"61":[9],"62":[15],"63":[0],"64":[0],"65":[0],"66":[0],"67":[22],"68":[15],"69":[0],"70":[5],"71":[0],"72":[25],"73":[0],"74":[12],"75":[22],"76":[25],"77":[12],"78":[10],"79":[5],"80":[15],"81":[4],"82":[2],"83":[1],"84":[3],"85":[1],"86":[2],"87":[0],"88":[1],"89":[1],"90":[9],"91":[1],"92":[8],"93":[2],"94":[6],"95":[8],"96":[0],"97":[2],"98":[1],"99":[2],"100":[1],"101":[2],"102":[1],"103":[1],"104":[17],"105":[2],"106":[15],"107":[23],"108":[0],"109":[6],"110":[9]},"fnMap":{"0":{"name":"isActive","decl":{"start":{"line":40,"column":0},"end":{"line":42,"column":1}},"loc":{"start":{"line":40,"column":0},"end":{"line":42,"column":1}},"line":40},"1":{"name":"isExpired","decl":{"start":{"line":47,"column":0},"end":{"line":57,"column":1}},"loc":{"start":{"line":47,"column":0},"end":{"line":57,"column":1}},"line":47},"2":{"name":"expiresWithinDays","decl":{"start":{"line":62,"column":0},"end":{"line":73,"column":1}},"loc":{"start":{"line":62,"column":0},"end":{"line":73,"column":1}},"line":62},"3":{"name":"hasValue","decl":{"start":{"line":78,"column":0},"end":{"line":83,"column":1}},"loc":{"start":{"line":78,"column":0},"end":{"line":83,"column":1}},"line":78},"4":{"name":"filterVouchers","decl":{"start":{"line":88,"column":0},"end":{"line":127,"column":1}},"loc":{"start":{"line":88,"column":0},"end":{"line":127,"column":1}},"line":88},"5":{"name":"calculateTotal","decl":{"start":{"line":136,"column":9},"end":{"line":199,"column":3}},"loc":{"start":{"line":136,"column":9},"end":{"line":199,"column":3}},"line":136},"6":{"name":"calculateForCurrency","decl":{"start":{"line":204,"column":9},"end":{"line":235,"column":3}},"loc":{"start":{"line":204,"column":9},"end":{"line":235,"column":3}},"line":204},"7":{"name":"calculateByIssuer","decl":{"start":{"line":240,"column":9},"end":{"line":324,"column":3}},"loc":{"start":{"line":240,"column":9},"end":{"line":324,"column":3}},"line":240},"8":{"name":"calculateByStrategy","decl":{"start":{"line":329,"column":9},"end":{"line":344,"column":3}},"loc":{"start":{"line":329,"column":9},"end":{"line":344,"column":3}},"line":329},"9":{"name":"calculateBreakdown","decl":{"start":{"line":349,"column":9},"end":{"line":364,"column":3}},"loc":{"start":{"line":349,"column":9},"end":{"line":364,"column":3}},"line":349},"10":{"name":"mergeBalances","decl":{"start":{"line":369,"column":9},"end":{"line":423,"column":3}},"loc":{"start":{"line":369,"column":9},"end":{"line":423,"column":3}},"line":369},"11":{"name":"subtractFromBalance","decl":{"start":{"line":428,"column":9},"end":{"line":469,"column":3}},"loc":{"start":{"line":428,"column":9},"end":{"line":469,"column":3}},"line":428},"12":{"name":"hasBalance","decl":{"start":{"line":474,"column":9},"end":{"line":476,"column":3}},"loc":{"start":{"line":474,"column":9},"end":{"line":476,"column":3}},"line":474},"13":{"name":"hasCurrency","decl":{"start":{"line":481,"column":9},"end":{"line":485,"column":3}},"loc":{"start":{"line":481,"column":9},"end":{"line":485,"column":3}},"line":481},"14":{"name":"getAmount","decl":{"start":{"line":490,"column":9},"end":{"line":493,"column":3}},"loc":{"start":{"line":490,"column":9},"end":{"line":493,"column":3}},"line":490},"15":{"name":"equals","decl":{"start":{"line":498,"column":9},"end":{"line":516,"column":3}},"loc":{"start":{"line":498,"column":9},"end":{"line":516,"column":3}},"line":498}},"f":{"0":405,"1":405,"2":12,"3":407,"4":156,"5":138,"6":5,"7":13,"8":5,"9":4,"10":2,"11":9,"12":2,"13":2,"14":2,"15":17}}
,"/home/eric/IdeaProjects/imani-apps/packages/wallet-balance/src/core/BalanceManager.ts": {"path":"/home/eric/IdeaProjects/imani-apps/packages/wallet-balance/src/core/BalanceManager.ts","all":false,"statementMap":{"0":{"start":{"line":1,"column":0},"end":{"line":1,"column":3}},"78":{"start":{"line":79,"column":0},"end":{"line":79,"column":72}},"79":{"start":{"line":80,"column":0},"end":{"line":80,"column":33}},"80":{"start":{"line":81,"column":0},"end":{"line":81,"column":46}},"81":{"start":{"line":82,"column":0},"end":{"line":82,"column":55}},"82":{"start":{"line":83,"column":0},"end":{"line":83,"column":30}},"83":{"start":{"line":84,"column":0},"end":{"line":84,"column":53}},"84":{"start":{"line":85,"column":0},"end":{"line":85,"column":29}},"85":{"start":{"line":86,"column":0},"end":{"line":86,"column":69}},"86":{"start":{"line":87,"column":0},"end":{"line":87,"column":48}},"88":{"start":{"line":89,"column":0},"end":{"line":89,"column":45}},"89":{"start":{"line":90,"column":0},"end":{"line":90,"column":12}},"91":{"start":{"line":92,"column":0},"end":{"line":92,"column":44}},"92":{"start":{"line":93,"column":0},"end":{"line":93,"column":52}},"94":{"start":{"line":95,"column":0},"end":{"line":95,"column":19}},"95":{"start":{"line":96,"column":0},"end":{"line":96,"column":40}},"96":{"start":{"line":97,"column":0},"end":{"line":97,"column":48}},"97":{"start":{"line":98,"column":0},"end":{"line":98,"column":51}},"98":{"start":{"line":99,"column":0},"end":{"line":99,"column":53}},"99":{"start":{"line":100,"column":0},"end":{"line":100,"column":98}},"100":{"start":{"line":101,"column":0},"end":{"line":101,"column":35}},"101":{"start":{"line":102,"column":0},"end":{"line":102,"column":57}},"102":{"start":{"line":103,"column":0},"end":{"line":103,"column":6}},"103":{"start":{"line":104,"column":0},"end":{"line":104,"column":3}},"108":{"start":{"line":109,"column":0},"end":{"line":109,"column":31}},"109":{"start":{"line":110,"column":0},"end":{"line":110,"column":27}},"110":{"start":{"line":111,"column":0},"end":{"line":111,"column":13}},"111":{"start":{"line":112,"column":0},"end":{"line":112,"column":5}},"113":{"start":{"line":114,"column":0},"end":{"line":114,"column":32}},"116":{"start":{"line":117,"column":0},"end":{"line":117,"column":35}},"119":{"start":{"line":120,"column":0},"end":{"line":120,"column":36}},"120":{"start":{"line":121,"column":0},"end":{"line":121,"column":41}},"121":{"start":{"line":122,"column":0},"end":{"line":122,"column":5}},"124":{"start":{"line":125,"column":0},"end":{"line":125,"column":25}},"127":{"start":{"line":128,"column":0},"end":{"line":128,"column":42}},"128":{"start":{"line":129,"column":0},"end":{"line":129,"column":45}},"129":{"start":{"line":130,"column":0},"end":{"line":130,"column":39}},"130":{"start":{"line":131,"column":0},"end":{"line":131,"column":38}},"131":{"start":{"line":132,"column":0},"end":{"line":132,"column":23}},"132":{"start":{"line":133,"column":0},"end":{"line":133,"column":38}},"133":{"start":{"line":134,"column":0},"end":{"line":134,"column":13}},"134":{"start":{"line":135,"column":0},"end":{"line":135,"column":11}},"135":{"start":{"line":136,"column":0},"end":{"line":136,"column":38}},"136":{"start":{"line":137,"column":0},"end":{"line":137,"column":5}},"138":{"start":{"line":139,"column":0},"end":{"line":139,"column":28}},"139":{"start":{"line":140,"column":0},"end":{"line":140,"column":28}},"140":{"start":{"line":141,"column":0},"end":{"line":141,"column":3}},"145":{"start":{"line":146,"column":0},"end":{"line":146,"column":32}},"146":{"start":{"line":147,"column":0},"end":{"line":147,"column":27}},"149":{"start":{"line":150,"column":0},"end":{"line":150,"column":28}},"150":{"start":{"line":151,"column":0},"end":{"line":151,"column":39}},"151":{"start":{"line":152,"column":0},"end":{"line":152,"column":31}},"152":{"start":{"line":153,"column":0},"end":{"line":153,"column":5}},"155":{"start":{"line":156,"column":0},"end":{"line":156,"column":45}},"156":{"start":{"line":157,"column":0},"end":{"line":157,"column":14}},"157":{"start":{"line":158,"column":0},"end":{"line":158,"column":5}},"158":{"start":{"line":159,"column":0},"end":{"line":159,"column":28}},"161":{"start":{"line":162,"column":0},"end":{"line":162,"column":30}},"162":{"start":{"line":163,"column":0},"end":{"line":163,"column":28}},"163":{"start":{"line":164,"column":0},"end":{"line":164,"column":29}},"166":{"start":{"line":167,"column":0},"end":{"line":167,"column":30}},"168":{"start":{"line":169,"column":0},"end":{"line":169,"column":23}},"169":{"start":{"line":170,"column":0},"end":{"line":170,"column":3}},"178":{"start":{"line":179,"column":0},"end":{"line":179,"column":81}},"180":{"start":{"line":181,"column":0},"end":{"line":181,"column":60}},"181":{"start":{"line":182,"column":0},"end":{"line":182,"column":32}},"182":{"start":{"line":183,"column":0},"end":{"line":183,"column":5}},"184":{"start":{"line":185,"column":0},"end":{"line":185,"column":54}},"185":{"start":{"line":186,"column":0},"end":{"line":186,"column":70}},"188":{"start":{"line":189,"column":0},"end":{"line":189,"column":74}},"189":{"start":{"line":190,"column":0},"end":{"line":190,"column":64}},"190":{"start":{"line":191,"column":0},"end":{"line":191,"column":5}},"193":{"start":{"line":194,"column":0},"end":{"line":194,"column":19}},"194":{"start":{"line":195,"column":0},"end":{"line":195,"column":35}},"195":{"start":{"line":196,"column":0},"end":{"line":196,"column":39}},"196":{"start":{"line":197,"column":0},"end":{"line":197,"column":5}},"198":{"start":{"line":199,"column":0},"end":{"line":199,"column":19}},"199":{"start":{"line":200,"column":0},"end":{"line":200,"column":3}},"204":{"start":{"line":205,"column":0},"end":{"line":205,"column":58}},"205":{"start":{"line":206,"column":0},"end":{"line":206,"column":54}},"206":{"start":{"line":207,"column":0},"end":{"line":207,"column":48}},"207":{"start":{"line":208,"column":0},"end":{"line":208,"column":15}},"208":{"start":{"line":209,"column":0},"end":{"line":209,"column":9}},"209":{"start":{"line":210,"column":0},"end":{"line":210,"column":36}},"210":{"start":{"line":211,"column":0},"end":{"line":211,"column":6}},"211":{"start":{"line":212,"column":0},"end":{"line":212,"column":3}},"216":{"start":{"line":217,"column":0},"end":{"line":217,"column":81}},"217":{"start":{"line":218,"column":0},"end":{"line":218,"column":54}},"218":{"start":{"line":219,"column":0},"end":{"line":219,"column":70}},"219":{"start":{"line":220,"column":0},"end":{"line":220,"column":3}},"224":{"start":{"line":225,"column":0},"end":{"line":225,"column":77}},"225":{"start":{"line":226,"column":0},"end":{"line":226,"column":54}},"226":{"start":{"line":227,"column":0},"end":{"line":227,"column":74}},"227":{"start":{"line":228,"column":0},"end":{"line":228,"column":15}},"228":{"start":{"line":229,"column":0},"end":{"line":229,"column":7}},"229":{"start":{"line":230,"column":0},"end":{"line":230,"column":64}},"230":{"start":{"line":231,"column":0},"end":{"line":231,"column":3}},"239":{"start":{"line":240,"column":0},"end":{"line":240,"column":55}},"240":{"start":{"line":241,"column":0},"end":{"line":241,"column":54}},"241":{"start":{"line":242,"column":0},"end":{"line":242,"column":57}},"242":{"start":{"line":243,"column":0},"end":{"line":243,"column":3}},"247":{"start":{"line":248,"column":0},"end":{"line":248,"column":59}},"248":{"start":{"line":249,"column":0},"end":{"line":249,"column":44}},"249":{"start":{"line":250,"column":0},"end":{"line":250,"column":45}},"250":{"start":{"line":251,"column":0},"end":{"line":251,"column":3}},"255":{"start":{"line":256,"column":0},"end":{"line":256,"column":68}},"256":{"start":{"line":257,"column":0},"end":{"line":257,"column":51}},"257":{"start":{"line":258,"column":0},"end":{"line":258,"column":35}},"258":{"start":{"line":259,"column":0},"end":{"line":259,"column":3}},"267":{"start":{"line":268,"column":0},"end":{"line":268,"column":86}},"268":{"start":{"line":269,"column":0},"end":{"line":269,"column":54}},"269":{"start":{"line":270,"column":0},"end":{"line":270,"column":88}},"270":{"start":{"line":271,"column":0},"end":{"line":271,"column":3}},"275":{"start":{"line":276,"column":0},"end":{"line":276,"column":68}},"276":{"start":{"line":277,"column":0},"end":{"line":277,"column":54}},"277":{"start":{"line":278,"column":0},"end":{"line":278,"column":91}},"278":{"start":{"line":279,"column":0},"end":{"line":279,"column":3}},"287":{"start":{"line":288,"column":0},"end":{"line":288,"column":43}},"288":{"start":{"line":289,"column":0},"end":{"line":289,"column":63}},"289":{"start":{"line":290,"column":0},"end":{"line":290,"column":33}},"291":{"start":{"line":292,"column":0},"end":{"line":292,"column":40}},"292":{"start":{"line":293,"column":0},"end":{"line":293,"column":54}},"293":{"start":{"line":294,"column":0},"end":{"line":294,"column":61}},"296":{"start":{"line":297,"column":0},"end":{"line":297,"column":74}},"297":{"start":{"line":298,"column":0},"end":{"line":298,"column":64}},"298":{"start":{"line":299,"column":0},"end":{"line":299,"column":5}},"300":{"start":{"line":301,"column":0},"end":{"line":301,"column":33}},"301":{"start":{"line":302,"column":0},"end":{"line":302,"column":37}},"303":{"start":{"line":304,"column":0},"end":{"line":304,"column":44}},"304":{"start":{"line":305,"column":0},"end":{"line":305,"column":58}},"307":{"start":{"line":308,"column":0},"end":{"line":308,"column":68}},"308":{"start":{"line":309,"column":0},"end":{"line":309,"column":59}},"309":{"start":{"line":310,"column":0},"end":{"line":310,"column":5}},"311":{"start":{"line":312,"column":0},"end":{"line":312,"column":19}},"312":{"start":{"line":313,"column":0},"end":{"line":313,"column":3}},"321":{"start":{"line":322,"column":0},"end":{"line":322,"column":31}},"322":{"start":{"line":323,"column":0},"end":{"line":323,"column":31}},"323":{"start":{"line":324,"column":0},"end":{"line":324,"column":3}},"328":{"start":{"line":329,"column":0},"end":{"line":329,"column":44}},"329":{"start":{"line":330,"column":0},"end":{"line":330,"column":41}},"330":{"start":{"line":331,"column":0},"end":{"line":331,"column":53}},"331":{"start":{"line":332,"column":0},"end":{"line":332,"column":3}},"336":{"start":{"line":337,"column":0},"end":{"line":337,"column":28}},"337":{"start":{"line":338,"column":0},"end":{"line":338,"column":28}},"338":{"start":{"line":339,"column":0},"end":{"line":339,"column":3}},"347":{"start":{"line":348,"column":0},"end":{"line":348,"column":43}},"348":{"start":{"line":349,"column":0},"end":{"line":349,"column":20}},"349":{"start":{"line":350,"column":0},"end":{"line":350,"column":22}},"350":{"start":{"line":351,"column":0},"end":{"line":351,"column":24}},"351":{"start":{"line":352,"column":0},"end":{"line":352,"column":24}},"352":{"start":{"line":353,"column":0},"end":{"line":353,"column":24}},"353":{"start":{"line":354,"column":0},"end":{"line":354,"column":22}},"354":{"start":{"line":355,"column":0},"end":{"line":355,"column":6}},"356":{"start":{"line":357,"column":0},"end":{"line":357,"column":33}},"357":{"start":{"line":358,"column":0},"end":{"line":358,"column":55}},"358":{"start":{"line":359,"column":0},"end":{"line":359,"column":63}},"359":{"start":{"line":360,"column":0},"end":{"line":360,"column":9}},"360":{"start":{"line":361,"column":0},"end":{"line":361,"column":37}},"361":{"start":{"line":362,"column":0},"end":{"line":362,"column":5}},"362":{"start":{"line":363,"column":0},"end":{"line":363,"column":3}},"367":{"start":{"line":368,"column":0},"end":{"line":368,"column":47}},"368":{"start":{"line":369,"column":0},"end":{"line":369,"column":43}},"370":{"start":{"line":371,"column":0},"end":{"line":371,"column":71}},"371":{"start":{"line":372,"column":0},"end":{"line":372,"column":36}},"372":{"start":{"line":373,"column":0},"end":{"line":373,"column":7}},"373":{"start":{"line":374,"column":0},"end":{"line":374,"column":35}},"374":{"start":{"line":375,"column":0},"end":{"line":375,"column":3}},"379":{"start":{"line":380,"column":0},"end":{"line":380,"column":82}},"380":{"start":{"line":381,"column":0},"end":{"line":381,"column":40}},"382":{"start":{"line":383,"column":0},"end":{"line":383,"column":9}},"383":{"start":{"line":384,"column":0},"end":{"line":384,"column":42}},"384":{"start":{"line":385,"column":0},"end":{"line":385,"column":43}},"387":{"start":{"line":388,"column":0},"end":{"line":388,"column":21}},"388":{"start":{"line":389,"column":0},"end":{"line":389,"column":54}},"389":{"start":{"line":390,"column":0},"end":{"line":390,"column":7}},"390":{"start":{"line":391,"column":0},"end":{"line":391,"column":21}},"391":{"start":{"line":392,"column":0},"end":{"line":392,"column":34}},"392":{"start":{"line":393,"column":0},"end":{"line":393,"column":30}},"393":{"start":{"line":394,"column":0},"end":{"line":394,"column":43}},"394":{"start":{"line":395,"column":0},"end":{"line":395,"column":29}},"395":{"start":{"line":396,"column":0},"end":{"line":396,"column":9}},"396":{"start":{"line":397,"column":0},"end":{"line":397,"column":5}},"397":{"start":{"line":398,"column":0},"end":{"line":398,"column":3}},"402":{"start":{"line":403,"column":0},"end":{"line":403,"column":57}},"403":{"start":{"line":404,"column":0},"end":{"line":404,"column":34}},"405":{"start":{"line":406,"column":0},"end":{"line":406,"column":9}},"406":{"start":{"line":407,"column":0},"end":{"line":407,"column":27}},"407":{"start":{"line":408,"column":0},"end":{"line":408,"column":21}},"408":{"start":{"line":409,"column":0},"end":{"line":409,"column":34}},"409":{"start":{"line":410,"column":0},"end":{"line":410,"column":30}},"410":{"start":{"line":411,"column":0},"end":{"line":411,"column":47}},"411":{"start":{"line":412,"column":0},"end":{"line":412,"column":9}},"412":{"start":{"line":413,"column":0},"end":{"line":413,"column":5}},"413":{"start":{"line":414,"column":0},"end":{"line":414,"column":3}},"418":{"start":{"line":419,"column":0},"end":{"line":419,"column":93}},"419":{"start":{"line":420,"column":0},"end":{"line":420,"column":45}},"420":{"start":{"line":421,"column":0},"end":{"line":421,"column":21}},"421":{"start":{"line":422,"column":0},"end":{"line":422,"column":5}},"423":{"start":{"line":424,"column":0},"end":{"line":424,"column":61}},"424":{"start":{"line":425,"column":0},"end":{"line":425,"column":25}},"426":{"start":{"line":427,"column":0},"end":{"line":427,"column":31}},"427":{"start":{"line":428,"column":0},"end":{"line":428,"column":35}},"428":{"start":{"line":429,"column":0},"end":{"line":429,"column":87}},"429":{"start":{"line":430,"column":0},"end":{"line":430,"column":7}},"430":{"start":{"line":431,"column":0},"end":{"line":431,"column":5}},"432":{"start":{"line":433,"column":0},"end":{"line":433,"column":34}},"433":{"start":{"line":434,"column":0},"end":{"line":434,"column":18}},"434":{"start":{"line":435,"column":0},"end":{"line":435,"column":3}},"439":{"start":{"line":440,"column":0},"end":{"line":440,"column":88}},"440":{"start":{"line":441,"column":0},"end":{"line":441,"column":35}},"441":{"start":{"line":442,"column":0},"end":{"line":442,"column":42}},"442":{"start":{"line":443,"column":0},"end":{"line":443,"column":41}},"443":{"start":{"line":444,"column":0},"end":{"line":444,"column":7}},"445":{"start":{"line":446,"column":0},"end":{"line":446,"column":43}},"446":{"start":{"line":447,"column":0},"end":{"line":447,"column":57}},"447":{"start":{"line":448,"column":0},"end":{"line":448,"column":56}},"449":{"start":{"line":450,"column":0},"end":{"line":450,"column":43}},"450":{"start":{"line":451,"column":0},"end":{"line":451,"column":43}},"452":{"start":{"line":453,"column":0},"end":{"line":453,"column":38}},"453":{"start":{"line":454,"column":0},"end":{"line":454,"column":47}},"454":{"start":{"line":455,"column":0},"end":{"line":455,"column":19}},"455":{"start":{"line":456,"column":0},"end":{"line":456,"column":25}},"456":{"start":{"line":457,"column":0},"end":{"line":457,"column":24}},"457":{"start":{"line":458,"column":0},"end":{"line":458,"column":46}},"458":{"start":{"line":459,"column":0},"end":{"line":459,"column":11}},"459":{"start":{"line":460,"column":0},"end":{"line":460,"column":7}},"460":{"start":{"line":461,"column":0},"end":{"line":461,"column":5}},"461":{"start":{"line":462,"column":0},"end":{"line":462,"column":3}},"466":{"start":{"line":467,"column":0},"end":{"line":467,"column":28}},"467":{"start":{"line":468,"column":0},"end":{"line":468,"column":35}},"468":{"start":{"line":469,"column":0},"end":{"line":469,"column":27}},"469":{"start":{"line":470,"column":0},"end":{"line":470,"column":33}},"470":{"start":{"line":471,"column":0},"end":{"line":471,"column":11}},"471":{"start":{"line":472,"column":0},"end":{"line":472,"column":34}},"472":{"start":{"line":473,"column":0},"end":{"line":473,"column":15}},"473":{"start":{"line":474,"column":0},"end":{"line":474,"column":14}},"474":{"start":{"line":475,"column":0},"end":{"line":475,"column":14}},"475":{"start":{"line":476,"column":0},"end":{"line":476,"column":28}},"476":{"start":{"line":477,"column":0},"end":{"line":477,"column":7}},"477":{"start":{"line":478,"column":0},"end":{"line":478,"column":3}},"482":{"start":{"line":483,"column":0},"end":{"line":483,"column":41}},"483":{"start":{"line":484,"column":0},"end":{"line":484,"column":28}},"484":{"start":{"line":485,"column":0},"end":{"line":485,"column":47}},"485":{"start":{"line":486,"column":0},"end":{"line":486,"column":5}},"486":{"start":{"line":487,"column":0},"end":{"line":487,"column":3}},"487":{"start":{"line":488,"column":0},"end":{"line":488,"column":1}},"492":{"start":{"line":493,"column":0},"end":{"line":493,"column":84}},"493":{"start":{"line":494,"column":0},"end":{"line":494,"column":36}},"494":{"start":{"line":495,"column":0},"end":{"line":495,"column":1}}},"s":{"0":1,"78":1,"79":89,"80":89,"81":89,"82":89,"83":89,"84":89,"85":89,"86":89,"88":89,"89":89,"91":89,"92":89,"94":89,"95":89,"96":89,"97":89,"98":89,"99":89,"100":89,"101":89,"102":89,"103":89,"108":89,"109":71,"110":2,"111":2,"113":69,"116":69,"119":71,"120":9,"121":9,"124":69,"127":71,"128":3,"129":2,"130":1,"131":1,"132":1,"133":1,"134":2,"135":3,"136":3,"138":69,"139":69,"140":71,"145":89,"146":93,"149":93,"150":3,"151":3,"152":3,"155":93,"156":354,"157":354,"158":93,"161":93,"162":93,"163":93,"166":93,"168":93,"169":93,"178":89,"180":18,"181":13,"182":13,"184":5,"185":5,"188":18,"189":0,"190":0,"193":18,"194":1,"195":1,"196":1,"198":5,"199":18,"204":89,"205":3,"206":3,"207":3,"208":3,"209":3,"210":3,"211":3,"216":89,"217":2,"218":2,"219":2,"224":89,"225":2,"226":2,"227":2,"228":2,"229":2,"230":2,"239":89,"240":3,"241":3,"242":3,"247":89,"248":1,"249":1,"250":1,"255":89,"256":2,"257":2,"258":2,"267":89,"268":2,"269":2,"270":2,"275":89,"276":2,"277":2,"278":2,"287":89,"288":87,"289":87,"291":87,"292":87,"293":84,"296":87,"297":9,"298":9,"300":84,"301":84,"303":84,"304":84,"307":87,"308":76,"309":76,"311":84,"312":87,"321":89,"322":5,"323":5,"328":89,"329":21,"330":19,"331":21,"336":89,"337":5,"338":5,"347":89,"348":69,"349":69,"350":69,"351":69,"352":69,"353":69,"354":69,"356":69,"357":345,"358":9,"359":345,"360":345,"361":345,"362":69,"367":89,"368":9,"370":9,"371":2,"372":9,"373":9,"374":9,"379":89,"380":9,"382":9,"383":9,"384":9,"387":8,"388":8,"389":8,"390":9,"391":1,"392":1,"393":1,"394":1,"395":1,"396":1,"397":9,"402":89,"403":2,"405":2,"406":2,"407":1,"408":1,"409":1,"410":1,"411":1,"412":1,"413":2,"418":89,"419":9,"420":0,"421":0,"423":9,"424":9,"426":9,"427":6,"428":5,"429":5,"430":6,"432":9,"433":9,"434":9,"439":89,"440":8,"441":8,"442":8,"443":8,"445":8,"446":17,"447":17,"449":17,"450":17,"452":17,"453":5,"454":5,"455":5,"456":5,"457":5,"458":5,"459":5,"460":17,"461":8,"466":89,"467":76,"468":76,"469":76,"470":76,"471":76,"472":76,"473":76,"474":76,"475":76,"476":76,"477":76,"482":89,"483":335,"484":4,"485":4,"486":335,"487":89,"492":1,"493":1,"494":1},"branchMap":{"0":{"type":"branch","line":79,"loc":{"start":{"line":79,"column":7},"end":{"line":488,"column":1}},"locations":[{"start":{"line":79,"column":7},"end":{"line":488,"column":1}}]},"1":{"type":"branch","line":89,"loc":{"start":{"line":89,"column":2},"end":{"line":104,"column":3}},"locations":[{"start":{"line":89,"column":2},"end":{"line":104,"column":3}}]},"2":{"type":"branch","line":98,"loc":{"start":{"line":98,"column":30},"end":{"line":98,"column":51}},"locations":[{"start":{"line":98,"column":30},"end":{"line":98,"column":51}}]},"3":{"type":"branch","line":99,"loc":{"start":{"line":99,"column":29},"end":{"line":99,"column":53}},"locations":[{"start":{"line":99,"column":29},"end":{"line":99,"column":53}}]},"4":{"type":"branch","line":101,"loc":{"start":{"line":101,"column":20},"end":{"line":101,"column":35}},"locations":[{"start":{"line":101,"column":20},"end":{"line":101,"column":35}}]},"5":{"type":"branch","line":102,"loc":{"start":{"line":102,"column":33},"end":{"line":102,"column":57}},"locations":[{"start":{"line":102,"column":33},"end":{"line":102,"column":57}}]},"6":{"type":"branch","line":109,"loc":{"start":{"line":109,"column":2},"end":{"line":141,"column":3}},"locations":[{"start":{"line":109,"column":2},"end":{"line":141,"column":3}}]},"7":{"type":"branch","line":110,"loc":{"start":{"line":110,"column":26},"end":{"line":112,"column":5}},"locations":[{"start":{"line":110,"column":26},"end":{"line":112,"column":5}}]},"8":{"type":"branch","line":112,"loc":{"start":{"line":112,"column":4},"end":{"line":120,"column":31}},"locations":[{"start":{"line":112,"column":4},"end":{"line":120,"column":31}}]},"9":{"type":"branch","line":120,"loc":{"start":{"line":120,"column":13},"end":{"line":120,"column":35}},"locations":[{"start":{"line":120,"column":13},"end":{"line":120,"column":35}}]},"10":{"type":"branch","line":120,"loc":{"start":{"line":120,"column":35},"end":{"line":122,"column":5}},"locations":[{"start":{"line":120,"column":35},"end":{"line":122,"column":5}}]},"11":{"type":"branch","line":122,"loc":{"start":{"line":122,"column":4},"end":{"line":128,"column":41}},"locations":[{"start":{"line":122,"column":4},"end":{"line":128,"column":41}}]},"12":{"type":"branch","line":128,"loc":{"start":{"line":128,"column":41},"end":{"line":137,"column":5}},"locations":[{"start":{"line":128,"column":41},"end":{"line":137,"column":5}}]},"13":{"type":"branch","line":137,"loc":{"start":{"line":137,"column":4},"end":{"line":140,"column":28}},"locations":[{"start":{"line":137,"column":4},"end":{"line":140,"column":28}}]},"14":{"type":"branch","line":129,"loc":{"start":{"line":129,"column":38},"end":{"line":136,"column":9}},"locations":[{"start":{"line":129,"column":38},"end":{"line":136,"column":9}}]},"15":{"type":"branch","line":130,"loc":{"start":{"line":130,"column":29},"end":{"line":135,"column":9}},"locations":[{"start":{"line":130,"column":29},"end":{"line":135,"column":9}}]},"16":{"type":"branch","line":146,"loc":{"start":{"line":146,"column":2},"end":{"line":170,"column":3}},"locations":[{"start":{"line":146,"column":2},"end":{"line":170,"column":3}}]},"17":{"type":"branch","line":150,"loc":{"start":{"line":150,"column":27},"end":{"line":153,"column":5}},"locations":[{"start":{"line":150,"column":27},"end":{"line":153,"column":5}}]},"18":{"type":"branch","line":156,"loc":{"start":{"line":156,"column":44},"end":{"line":158,"column":5}},"locations":[{"start":{"line":156,"column":44},"end":{"line":158,"column":5}}]},"19":{"type":"branch","line":179,"loc":{"start":{"line":179,"column":2},"end":{"line":200,"column":3}},"locations":[{"start":{"line":179,"column":2},"end":{"line":200,"column":3}}]},"20":{"type":"branch","line":181,"loc":{"start":{"line":181,"column":9},"end":{"line":181,"column":42}},"locations":[{"start":{"line":181,"column":9},"end":{"line":181,"column":42}}]},"21":{"type":"branch","line":181,"loc":{"start":{"line":181,"column":25},"end":{"line":181,"column":59}},"locations":[{"start":{"line":181,"column":25},"end":{"line":181,"column":59}}]},"22":{"type":"branch","line":181,"loc":{"start":{"line":181,"column":59},"end":{"line":183,"column":5}},"locations":[{"start":{"line":181,"column":59},"end":{"line":183,"column":5}}]},"23":{"type":"branch","line":183,"loc":{"start":{"line":183,"column":4},"end":{"line":189,"column":38}},"locations":[{"start":{"line":183,"column":4},"end":{"line":189,"column":38}}]},"24":{"type":"branch","line":189,"loc":{"start":{"line":189,"column":20},"end":{"line":189,"column":73}},"locations":[{"start":{"line":189,"column":20},"end":{"line":189,"column":73}}]},"25":{"type":"branch","line":189,"loc":{"start":{"line":189,"column":73},"end":{"line":191,"column":5}},"locations":[{"start":{"line":189,"column":73},"end":{"line":191,"column":5}}]},"26":{"type":"branch","line":191,"loc":{"start":{"line":191,"column":4},"end":{"line":194,"column":18}},"locations":[{"start":{"line":191,"column":4},"end":{"line":194,"column":18}}]},"27":{"type":"branch","line":194,"loc":{"start":{"line":194,"column":18},"end":{"line":197,"column":5}},"locations":[{"start":{"line":194,"column":18},"end":{"line":197,"column":5}}]},"28":{"type":"branch","line":197,"loc":{"start":{"line":197,"column":4},"end":{"line":199,"column":19}},"locations":[{"start":{"line":197,"column":4},"end":{"line":199,"column":19}}]},"29":{"type":"branch","line":205,"loc":{"start":{"line":205,"column":2},"end":{"line":212,"column":3}},"locations":[{"start":{"line":205,"column":2},"end":{"line":212,"column":3}}]},"30":{"type":"branch","line":217,"loc":{"start":{"line":217,"column":2},"end":{"line":220,"column":3}},"locations":[{"start":{"line":217,"column":2},"end":{"line":220,"column":3}}]},"31":{"type":"branch","line":225,"loc":{"start":{"line":225,"column":2},"end":{"line":231,"column":3}},"locations":[{"start":{"line":225,"column":2},"end":{"line":231,"column":3}}]},"32":{"type":"branch","line":230,"loc":{"start":{"line":230,"column":35},"end":{"line":230,"column":59}},"locations":[{"start":{"line":230,"column":35},"end":{"line":230,"column":59}}]},"33":{"type":"branch","line":230,"loc":{"start":{"line":230,"column":55},"end":{"line":230,"column":64}},"locations":[{"start":{"line":230,"column":55},"end":{"line":230,"column":64}}]},"34":{"type":"branch","line":240,"loc":{"start":{"line":240,"column":2},"end":{"line":243,"column":3}},"locations":[{"start":{"line":240,"column":2},"end":{"line":243,"column":3}}]},"35":{"type":"branch","line":248,"loc":{"start":{"line":248,"column":2},"end":{"line":251,"column":3}},"locations":[{"start":{"line":248,"column":2},"end":{"line":251,"column":3}}]},"36":{"type":"branch","line":256,"loc":{"start":{"line":256,"column":2},"end":{"line":259,"column":3}},"locations":[{"start":{"line":256,"column":2},"end":{"line":259,"column":3}}]},"37":{"type":"branch","line":268,"loc":{"start":{"line":268,"column":2},"end":{"line":271,"column":3}},"locations":[{"start":{"line":268,"column":2},"end":{"line":271,"column":3}}]},"38":{"type":"branch","line":276,"loc":{"start":{"line":276,"column":2},"end":{"line":279,"column":3}},"locations":[{"start":{"line":276,"column":2},"end":{"line":279,"column":3}}]},"39":{"type":"branch","line":288,"loc":{"start":{"line":288,"column":2},"end":{"line":313,"column":3}},"locations":[{"start":{"line":288,"column":2},"end":{"line":313,"column":3}}]},"40":{"type":"branch","line":293,"loc":{"start":{"line":293,"column":52},"end":{"line":297,"column":38}},"locations":[{"start":{"line":293,"column":52},"end":{"line":297,"column":38}}]},"41":{"type":"branch","line":297,"loc":{"start":{"line":297,"column":20},"end":{"line":297,"column":73}},"locations":[{"start":{"line":297,"column":20},"end":{"line":297,"column":73}}]},"42":{"type":"branch","line":297,"loc":{"start":{"line":297,"column":73},"end":{"line":299,"column":5}},"locations":[{"start":{"line":297,"column":73},"end":{"line":299,"column":5}}]},"43":{"type":"branch","line":299,"loc":{"start":{"line":299,"column":4},"end":{"line":308,"column":21}},"locations":[{"start":{"line":299,"column":4},"end":{"line":308,"column":21}}]},"44":{"type":"branch","line":308,"loc":{"start":{"line":308,"column":9},"end":{"line":308,"column":67}},"locations":[{"start":{"line":308,"column":9},"end":{"line":308,"column":67}}]},"45":{"type":"branch","line":308,"loc":{"start":{"line":308,"column":67},"end":{"line":310,"column":5}},"locations":[{"start":{"line":308,"column":67},"end":{"line":310,"column":5}}]},"46":{"type":"branch","line":310,"loc":{"start":{"line":310,"column":4},"end":{"line":312,"column":19}}
[...]
":46,"column":4}},"46":{"start":{"line":47,"column":0},"end":{"line":47,"column":8}},"47":{"start":{"line":48,"column":0},"end":{"line":48,"column":16}},"48":{"start":{"line":49,"column":0},"end":{"line":49,"column":17}},"49":{"start":{"line":50,"column":0},"end":{"line":50,"column":16}},"50":{"start":{"line":51,"column":0},"end":{"line":51,"column":29}},"51":{"start":{"line":52,"column":0},"end":{"line":52,"column":28}},"52":{"start":{"line":53,"column":0},"end":{"line":53,"column":26}},"53":{"start":{"line":54,"column":0},"end":{"line":54,"column":4}},"54":{"start":{"line":55,"column":0},"end":{"line":55,"column":8}},"55":{"start":{"line":56,"column":0},"end":{"line":56,"column":16}},"56":{"start":{"line":57,"column":0},"end":{"line":57,"column":17}},"57":{"start":{"line":58,"column":0},"end":{"line":58,"column":16}},"58":{"start":{"line":59,"column":0},"end":{"line":59,"column":29}},"59":{"start":{"line":60,"column":0},"end":{"line":60,"column":28}},"60":{"start":{"line":61,"column":0},"end":{"line":61,"column":26}},"61":{"start":{"line":62,"column":0},"end":{"line":62,"column":4}},"62":{"start":{"line":63,"column":0},"end":{"line":63,"column":8}},"63":{"start":{"line":64,"column":0},"end":{"line":64,"column":16}},"64":{"start":{"line":65,"column":0},"end":{"line":65,"column":16}},"65":{"start":{"line":66,"column":0},"end":{"line":66,"column":16}},"66":{"start":{"line":67,"column":0},"end":{"line":67,"column":29}},"67":{"start":{"line":68,"column":0},"end":{"line":68,"column":28}},"68":{"start":{"line":69,"column":0},"end":{"line":69,"column":26}},"69":{"start":{"line":70,"column":0},"end":{"line":70,"column":4}},"70":{"start":{"line":71,"column":0},"end":{"line":71,"column":8}},"71":{"start":{"line":72,"column":0},"end":{"line":72,"column":16}},"72":{"start":{"line":73,"column":0},"end":{"line":73,"column":17}},"73":{"start":{"line":74,"column":0},"end":{"line":74,"column":16}},"74":{"start":{"line":75,"column":0},"end":{"line":75,"column":29}},"75":{"start":{"line":76,"column":0},"end":{"line":76,"column":28}},"76":{"start":{"line":77,"column":0},"end":{"line":77,"column":26}},"77":{"start":{"line":78,"column":0},"end":{"line":78,"column":4}},"80":{"start":{"line":81,"column":0},"end":{"line":81,"column":8}},"81":{"start":{"line":82,"column":0},"end":{"line":82,"column":16}},"82":{"start":{"line":83,"column":0},"end":{"line":83,"column":19}},"83":{"start":{"line":84,"column":0},"end":{"line":84,"column":16}},"84":{"start":{"line":85,"column":0},"end":{"line":85,"column":28}},"85":{"start":{"line":86,"column":0},"end":{"line":86,"column":28}},"86":{"start":{"line":87,"column":0},"end":{"line":87,"column":26}},"87":{"start":{"line":88,"column":0},"end":{"line":88,"column":4}},"88":{"start":{"line":89,"column":0},"end":{"line":89,"column":8}},"89":{"start":{"line":90,"column":0},"end":{"line":90,"column":16}},"90":{"start":{"line":91,"column":0},"end":{"line":91,"column":19}},"91":{"start":{"line":92,"column":0},"end":{"line":92,"column":16}},"92":{"start":{"line":93,"column":0},"end":{"line":93,"column":28}},"93":{"start":{"line":94,"column":0},"end":{"line":94,"column":28}},"94":{"start":{"line":95,"column":0},"end":{"line":95,"column":26}},"95":{"start":{"line":96,"column":0},"end":{"line":96,"column":4}},"96":{"start":{"line":97,"column":0},"end":{"line":97,"column":8}},"97":{"start":{"line":98,"column":0},"end":{"line":98,"column":16}},"98":{"start":{"line":99,"column":0},"end":{"line":99,"column":21}},"99":{"start":{"line":100,"column":0},"end":{"line":100,"column":16}},"100":{"start":{"line":101,"column":0},"end":{"line":101,"column":29}},"101":{"start":{"line":102,"column":0},"end":{"line":102,"column":28}},"102":{"start":{"line":103,"column":0},"end":{"line":103,"column":26}},"103":{"start":{"line":104,"column":0},"end":{"line":104,"column":4}},"104":{"start":{"line":105,"column":0},"end":{"line":105,"column":8}},"105":{"start":{"line":106,"column":0},"end":{"line":106,"column":16}},"106":{"start":{"line":107,"column":0},"end":{"line":107,"column":18}},"107":{"start":{"line":108,"column":0},"end":{"line":108,"column":16}},"108":{"start":{"line":109,"column":0},"end":{"line":109,"column":29}},"109":{"start":{"line":110,"column":0},"end":{"line":110,"column":28}},"110":{"start":{"line":111,"column":0},"end":{"line":111,"column":26}},"111":{"start":{"line":112,"column":0},"end":{"line":112,"column":4}},"112":{"start":{"line":113,"column":0},"end":{"line":113,"column":8}},"113":{"start":{"line":114,"column":0},"end":{"line":114,"column":16}},"114":{"start":{"line":115,"column":0},"end":{"line":115,"column":16}},"115":{"start":{"line":116,"column":0},"end":{"line":116,"column":16}},"116":{"start":{"line":117,"column":0},"end":{"line":117,"column":29}},"117":{"start":{"line":118,"column":0},"end":{"line":118,"column":28}},"118":{"start":{"line":119,"column":0},"end":{"line":119,"column":26}},"119":{"start":{"line":120,"column":0},"end":{"line":120,"column":4}},"120":{"start":{"line":121,"column":0},"end":{"line":121,"column":8}},"121":{"start":{"line":122,"column":0},"end":{"line":122,"column":16}},"122":{"start":{"line":123,"column":0},"end":{"line":123,"column":21}},"123":{"start":{"line":124,"column":0},"end":{"line":124,"column":16}},"124":{"start":{"line":125,"column":0},"end":{"line":125,"column":29}},"125":{"start":{"line":126,"column":0},"end":{"line":126,"column":28}},"126":{"start":{"line":127,"column":0},"end":{"line":127,"column":26}},"127":{"start":{"line":128,"column":0},"end":{"line":128,"column":4}},"128":{"start":{"line":129,"column":0},"end":{"line":129,"column":8}},"129":{"start":{"line":130,"column":0},"end":{"line":130,"column":16}},"130":{"start":{"line":131,"column":0},"end":{"line":131,"column":18}},"131":{"start":{"line":132,"column":0},"end":{"line":132,"column":16}},"132":{"start":{"line":133,"column":0},"end":{"line":133,"column":29}},"133":{"start":{"line":134,"column":0},"end":{"line":134,"column":28}},"134":{"start":{"line":135,"column":0},"end":{"line":135,"column":26}},"135":{"start":{"line":136,"column":0},"end":{"line":136,"column":4}},"136":{"start":{"line":137,"column":0},"end":{"line":137,"column":8}},"137":{"start":{"line":138,"column":0},"end":{"line":138,"column":16}},"138":{"start":{"line":139,"column":0},"end":{"line":139,"column":18}},"139":{"start":{"line":140,"column":0},"end":{"line":140,"column":16}},"140":{"start":{"line":141,"column":0},"end":{"line":141,"column":29}},"141":{"start":{"line":142,"column":0},"end":{"line":142,"column":28}},"142":{"start":{"line":143,"column":0},"end":{"line":143,"column":26}},"143":{"start":{"line":144,"column":0},"end":{"line":144,"column":4}},"146":{"start":{"line":147,"column":0},"end":{"line":147,"column":8}},"147":{"start":{"line":148,"column":0},"end":{"line":148,"column":16}},"148":{"start":{"line":149,"column":0},"end":{"line":149,"column":19}},"149":{"start":{"line":150,"column":0},"end":{"line":150,"column":16}},"150":{"start":{"line":151,"column":0},"end":{"line":151,"column":28}},"151":{"start":{"line":152,"column":0},"end":{"line":152,"column":28}},"152":{"start":{"line":153,"column":0},"end":{"line":153,"column":26}},"153":{"start":{"line":154,"column":0},"end":{"line":154,"column":4}},"154":{"start":{"line":155,"column":0},"end":{"line":155,"column":9}},"155":{"start":{"line":156,"column":0},"end":{"line":156,"column":17}},"156":{"start":{"line":157,"column":0},"end":{"line":157,"column":19}},"157":{"start":{"line":158,"column":0},"end":{"line":158,"column":16}},"158":{"start":{"line":159,"column":0},"end":{"line":159,"column":28}},"159":{"start":{"line":160,"column":0},"end":{"line":160,"column":28}},"160":{"start":{"line":161,"column":0},"end":{"line":161,"column":26}},"161":{"start":{"line":162,"column":0},"end":{"line":162,"column":4}},"162":{"start":{"line":163,"column":0},"end":{"line":163,"column":8}},"163":{"start":{"line":164,"column":0},"end":{"line":164,"column":16}},"164":{"start":{"line":165,"column":0},"end":{"line":165,"column":21}},"165":{"start":{"line":166,"column":0},"end":{"line":166,"column":16}},"166":{"start":{"line":167,"column":0},"end":{"line":167,"column":29}},"167":{"start":{"line":168,"column":0},"end":{"line":168,"column":28}},"168":{"start":{"line":169,"column":0},"end":{"line":169,"column":26}},"169":{"start":{"line":170,"column":0},"end":{"line":170,"column":4}},"172":{"start":{"line":173,"column":0},"end":{"line":173,"column":8}},"173":{"start":{"line":174,"column":0},"end":{"line":174,"column":16}},"174":{"start":{"line":175,"column":0},"end":{"line":175,"column":21}},"175":{"start":{"line":176,"column":0},"end":{"line":176,"column":16}},"176":{"start":{"line":177,"column":0},"end":{"line":177,"column":29}},"177":{"start":{"line":178,"column":0},"end":{"line":178,"column":28}},"178":{"start":{"line":179,"column":0},"end":{"line":179,"column":26}},"179":{"start":{"line":180,"column":0},"end":{"line":180,"column":4}},"180":{"start":{"line":181,"column":0},"end":{"line":181,"column":8}},"181":{"start":{"line":182,"column":0},"end":{"line":182,"column":16}},"182":{"start":{"line":183,"column":0},"end":{"line":183,"column":21}},"183":{"start":{"line":184,"column":0},"end":{"line":184,"column":16}},"184":{"start":{"line":185,"column":0},"end":{"line":185,"column":29}},"185":{"start":{"line":186,"column":0},"end":{"line":186,"column":28}},"186":{"start":{"line":187,"column":0},"end":{"line":187,"column":26}},"187":{"start":{"line":188,"column":0},"end":{"line":188,"column":4}},"188":{"start":{"line":189,"column":0},"end":{"line":189,"column":2}},"193":{"start":{"line":194,"column":0},"end":{"line":194,"column":56}},"194":{"start":{"line":195,"column":0},"end":{"line":195,"column":18}},"195":{"start":{"line":196,"column":0},"end":{"line":196,"column":13}},"196":{"start":{"line":197,"column":0},"end":{"line":197,"column":14}},"197":{"start":{"line":198,"column":0},"end":{"line":198,"column":26}},"198":{"start":{"line":199,"column":0},"end":{"line":199,"column":26}},"199":{"start":{"line":200,"column":0},"end":{"line":200,"column":24}},"200":{"start":{"line":201,"column":0},"end":{"line":201,"column":2}},"205":{"start":{"line":206,"column":0},"end":{"line":206,"column":48}},"206":{"start":{"line":207,"column":0},"end":{"line":207,"column":8}},"207":{"start":{"line":208,"column":0},"end":{"line":208,"column":9}},"208":{"start":{"line":209,"column":0},"end":{"line":209,"column":8}},"209":{"start":{"line":210,"column":0},"end":{"line":210,"column":8}},"210":{"start":{"line":211,"column":0},"end":{"line":211,"column":8}},"211":{"start":{"line":212,"column":0},"end":{"line":212,"column":8}},"212":{"start":{"line":213,"column":0},"end":{"line":213,"column":8}},"213":{"start":{"line":214,"column":0},"end":{"line":214,"column":8}},"214":{"start":{"line":215,"column":0},"end":{"line":215,"column":3}},"219":{"start":{"line":220,"column":0},"end":{"line":220,"column":60}},"224":{"start":{"line":225,"column":0},"end":{"line":225,"column":87}},"225":{"start":{"line":226,"column":0},"end":{"line":226,"column":44}},"226":{"start":{"line":227,"column":0},"end":{"line":227,"column":38}},"227":{"start":{"line":228,"column":0},"end":{"line":228,"column":25}},"228":{"start":{"line":229,"column":0},"end":{"line":229,"column":44}},"229":{"start":{"line":230,"column":0},"end":{"line":230,"column":35}},"230":{"start":{"line":231,"column":0},"end":{"line":231,"column":53}},"231":{"start":{"line":232,"column":0},"end":{"line":232,"column":57}},"232":{"start":{"line":233,"column":0},"end":{"line":233,"column":53}},"233":{"start":{"line":234,"column":0},"end":{"line":234,"column":4}},"234":{"start":{"line":235,"column":0},"end":{"line":235,"column":1}},"239":{"start":{"line":240,"column":0},"end":{"line":240,"column":59}},"240":{"start":{"line":241,"column":0},"end":{"line":241,"column":44}},"241":{"start":{"line":242,"column":0},"end":{"line":242,"column":41}},"242":{"start":{"line":243,"column":0},"end":{"line":243,"column":44}},"243":{"start":{"line":244,"column":0},"end":{"line":244,"column":16}},"244":{"start":{"line":245,"column":0},"end":{"line":245,"column":3}},"245":{"start":{"line":246,"column":0},"end":{"line":246,"column":15}},"246":{"start":{"line":247,"column":0},"end":{"line":247,"column":1}},"251":{"start":{"line":252,"column":0},"end":{"line":252,"column":65}},"252":{"start":{"line":253,"column":0},"end":{"line":253,"column":44}},"255":{"start":{"line":256,"column":0},"end":{"line":256,"column":41}},"256":{"start":{"line":257,"column":0},"end":{"line":257,"column":44}},"257":{"start":{"line":258,"column":0},"end":{"line":258,"column":3}},"260":{"start":{"line":261,"column":0},"end":{"line":261,"column":41}},"261":{"start":{"line":262,"column":0},"end":{"line":262,"column":44}},"262":{"start":{"line":263,"column":0},"end":{"line":263,"column":3}},"265":{"start":{"line":266,"column":0},"end":{"line":266,"column":10}},"266":{"start":{"line":267,"column":0},"end":{"line":267,"column":31}},"267":{"start":{"line":268,"column":0},"end":{"line":268,"column":25}},"268":{"start":{"line":269,"column":0},"end":{"line":269,"column":27}},"269":{"start":{"line":270,"column":0},"end":{"line":270,"column":4}},"270":{"start":{"line":271,"column":0},"end":{"line":271,"column":1}},"275":{"start":{"line":276,"column":0},"end":{"line":276,"column":62}},"276":{"start":{"line":277,"column":0},"end":{"line":277,"column":44}},"277":{"start":{"line":278,"column":0},"end":{"line":278,"column":10}},"278":{"start":{"line":279,"column":0},"end":{"line":279,"column":50}},"279":{"start":{"line":280,"column":0},"end":{"line":280,"column":52}},"281":{"start":{"line":282,"column":0},"end":{"line":282,"column":1}},"286":{"start":{"line":287,"column":0},"end":{"line":287,"column":59}},"287":{"start":{"line":288,"column":0},"end":{"line":288,"column":42}},"288":{"start":{"line":289,"column":0},"end":{"line":289,"column":1}},"293":{"start":{"line":294,"column":0},"end":{"line":294,"column":49}},"294":{"start":{"line":295,"column":0},"end":{"line":295,"column":10}},"295":{"start":{"line":296,"column":0},"end":{"line":296,"column":37}},"296":{"start":{"line":297,"column":0},"end":{"line":297,"column":37}},"297":{"start":{"line":298,"column":0},"end":{"line":298,"column":4}},"298":{"start":{"line":299,"column":0},"end":{"line":299,"column":1}}},"s":{"12":1,"14":1,"15":1,"16":1,"17":1,"18":1,"19":1,"20":1,"21":1,"22":1,"23":1,"24":1,"25":1,"26":1,"27":1,"28":1,"29":1,"30":1,"31":1,"32":1,"33":1,"34":1,"35":1,"36":1,"37":1,"38":1,"39":1,"40":1,"41":1,"42":1,"43":1,"44":1,"45":1,"46":1,"47":1,"48":1,"49":1,"50":1,"51":1,"52":1,"53":1,"54":1,"55":1,"56":1,"57":1,"58":1,"59":1,"60":1,"61":1,"62":1,"63":1,"64":1,"65":1,"66":1,"67":1,"68":1,"69":1,"70":1,"71":1,"72":1,"73":1,"74":1,"75":1,"76":1,"77":1,"80":1,"81":1,"82":1,"83":1,"84":1,"85":1,"86":1,"87":1,"88":1,"89":1,"90":1,"91":1,"92":1,"93":1,"94":1,"95":1,"96":1,"97":1,"98":1,"99":1,"100":1,"101":1,"102":1,"103":1,"104":1,"105":1,"106":1,"107":1,"108":1,"109":1,"110":1,"111":1,"112":1,"113":1,"114":1,"115":1,"116":1,"117":1,"118":1,"119":1,"120":1,"121":1,"122":1,"123":1,"124":1,"125":1,"126":1,"127":1,"128":1,"129":1,"130":1,"131":1,"132":1,"133":1,"134":1,"135":1,"136":1,"137":1,"138":1,"139":1,"140":1,"141":1,"142":1,"143":1,"146":1,"147":1,"148":1,"149":1,"150":1,"151":1,"152":1,"153":1,"154":1,"155":1,"156":1,"157":1,"158":1,"159":1,"160":1,"161":1,"162":1,"163":1,"164":1,"165":1,"166":1,"167":1,"168":1,"169":1,"172":1,"173":1,"174":1,"175":1,"176":1,"177":1,"178":1,"179":1,"180":1,"181":1,"182":1,"183":1,"184":1,"185":1,"186":1,"187":1,"188":1,"193":1,"194":1,"195":1,"196":1,"197":1,"198":1,"199":1,"200":1,"205":1,"206":1,"207":1,"208":1,"209":1,"210":1,"211":1,"212":1,"213":1,"214":1,"219":1,"224":1,"225":2,"226":2,"227":2,"228":2,"229":2,"230":2,"231":2,"232":2,"233":2,"234":2,"239":1,"240":2,"241":2,"242":2,"243":2,"244":2,"245":0,"246":0,"251":1,"252":285,"255":285,"256":2,"257":2,"260":285,"261":282,"262":282,"265":1,"266":1,"267":1,"268":1,"269":1,"270":1,"275":1,"276":4,"277":4,"278":4,"279":1,"281":4,"286":1,"287":16,"288":16,"293":1,"294":0,"295":0,"296":0,"297":0,"298":0},"branchMap":{"0":{"type":"branch","line":225,"loc":{"start":{"line":225,"column":7},"end":{"line":235,"column":1}},"locations":[{"start":{"line":225,"column":7},"end":{"line":235,"column":1}}]},"1":{"type":"branch","line":229,"loc":{"start":{"line":229,"column":19},"end":{"line":229,"column":44}},"locations":[{"start":{"line":229,"column":19},"end":{"line":229,"column":44}}]},"2":{"type":"branch","line":230,"loc":{"start":{"line":230,"column":21},"end":{"line":230,"column":35}},"locations":[{"start":{"line":230,"column":21},"end":{"line":230,"column":35}}]},"3":{"type":"branch","line":231,"loc":{"start":{"line":231,"column":27},"end":{"line":231,"column":53}},"locations":[{"start":{"line":231,"column":27},"end":{"line":231,"column":53}}]},"4":{"type":"branch","line":240,"loc":{"start":{"line":240,"column":7},"end":{"line":247,"column":1}},"locations":[{"start":{"line":240,"column":7},"end":{"line":247,"column":1}}]},"5":{"type":"branch","line":245,"loc":{"start":{"line":245,"column":2},"end":{"line":247,"column":1}},"locations":[{"start":{"line":245,"column":2},"end":{"line":247,"column":1}}]},"6":{"type":"branch","line":252,"loc":{"start":{"line":252,"column":7},"end":{"line":271,"column":1}},"locations":[{"start":{"line":252,"column":7},"end":{"line":271,"column":1}}]},"7":{"type":"branch","line":256,"loc":{"start":{"line":256,"column":40},"end":{"line":258,"column":3}},"locations":[{"start":{"line":256,"column":40},"end":{"line":258,"column":3}}]},"8":{"type":"branch","line":258,"loc":{"start":{"line":258,"column":2},"end":{"line":261,"column":40}},"locations":[{"start":{"line":258,"column":2},"end":{"line":261,"column":40}}]},"9":{"type":"branch","line":261,"loc":{"start":{"line":261,"column":40},"end":{"line":263,"column":3}},"locations":[{"start":{"line":261,"column":40},"end":{"line":263,"column":3}}]},"10":{"type":"branch","line":263,"loc":{"start":{"line":263,"column":2},"end":{"line":271,"column":1}},"locations":[{"start":{"line":263,"column":2},"end":{"line":271,"column":1}}]},"11":{"type":"branch","line":276,"loc":{"start":{"line":276,"column":7},"end":{"line":282,"column":1}},"locations":[{"start":{"line":276,"column":7},"end":{"line":282,"column":1}}]},"12":{"type":"branch","line":279,"loc":{"start":{"line":279,"column":46},"end":{"line":280,"column":52}},"locations":[{"start":{"line":279,"column":46},"end":{"line":280,"column":52}}]},"13":{"type":"branch","line":287,"loc":{"start":{"line":287,"column":7},"end":{"line":289,"column":1}},"locations":[{"start":{"line":287,"column":7},"end":{"line":289,"column":1}}]}},"b":{"0":[2],"1":[0],"2":[0],"3":[0],"4":[2],"5":[0],"6":[285],"7":[2],"8":[283],"9":[282],"10":[1],"11":[4],"12":[1],"13":[16]},"fnMap":{"0":{"name":"registerCurrency","decl":{"start":{"line":225,"column":7},"end":{"line":235,"column":1}},"loc":{"start":{"line":225,"column":7},"end":{"line":235,"column":1}},"line":225},"1":{"name":"unregisterCurrency","decl":{"start":{"line":240,"column":7},"end":{"line":247,"column":1}},"loc":{"start":{"line":240,"column":7},"end":{"line":247,"column":1}},"line":240},"2":{"name":"getCurrencyConfig","decl":{"start":{"line":252,"column":7},"end":{"line":271,"column":1}},"loc":{"start":{"line":252,"column":7},"end":{"line":271,"column":1}},"line":252},"3":{"name":"isZeroDecimalCurrency","decl":{"start":{"line":276,"column":7},"end":{"line":282,"column":1}},"loc":{"start":{"line":276,"column":7},"end":{"line":282,"column":1}},"line":276},"4":{"name":"getCurrencyDecimals","decl":{"start":{"line":287,"column":7},"end":{"line":289,"column":1}},"loc":{"start":{"line":287,"column":7},"end":{"line":289,"column":1}},"line":287},"5":{"name":"getAllCurrencyCodes","decl":{"start":{"line":294,"column":7},"end":{"line":299,"column":1}},"loc":{"start":{"line":294,"column":7},"end":{"line":299,"column":1}},"line":294}},"f":{"0":2,"1":2,"2":285,"3":4,"4":16,"5":0}}
}
